TN:
SF:src\events.schema.ts
FN:90,(anonymous_0)
FN:117,validateEvent
FN:122,isUserFollowedEvent
FN:126,isCommentCreatedEvent
FN:130,isMentionCreatedEvent
FN:134,isLikeCreatedEvent
FN:140,(anonymous_6)
FN:157,(anonymous_7)
FN:178,(anonymous_8)
FN:201,(anonymous_9)
FNF:10
FNH:0
FNDA:0,(anonymous_0)
FNDA:0,validateEvent
FNDA:0,isUserFollowedEvent
FNDA:0,isCommentCreatedEvent
FNDA:0,isMentionCreatedEvent
FNDA:0,isLikeCreatedEvent
FNDA:0,(anonymous_6)
FNDA:0,(anonymous_7)
FNDA:0,(anonymous_8)
FNDA:0,(anonymous_9)
DA:1,0
DA:61,0
DA:67,0
DA:75,0
DA:85,0
DA:90,0
DA:98,0
DA:109,0
DA:117,0
DA:118,0
DA:122,0
DA:123,0
DA:126,0
DA:127,0
DA:130,0
DA:131,0
DA:134,0
DA:135,0
DA:139,0
DA:146,0
DA:165,0
DA:187,0
DA:209,0
DA:224,0
DA:271,0
LF:25
LH:0
BRDA:147,0,0,0
BRDA:147,0,1,0
BRDA:166,1,0,0
BRDA:166,1,1,0
BRDA:188,2,0,0
BRDA:188,2,1,0
BRDA:210,3,0,0
BRDA:210,3,1,0
BRF:8
BRH:0
end_of_record
TN:
SF:src\routes.ts
FN:6,setupDeviceRoutes
FN:12,setupPreferencesRoutes
FN:18,setupRoutes
FNF:3
FNH:0
FNDA:0,setupDeviceRoutes
FNDA:0,setupPreferencesRoutes
FNDA:0,setupRoutes
DA:2,0
DA:3,0
DA:4,0
DA:6,0
DA:7,0
DA:8,0
DA:9,0
DA:12,0
DA:13,0
DA:14,0
DA:15,0
DA:18,0
DA:19,0
DA:20,0
DA:22,0
DA:23,0
DA:24,0
DA:25,0
LF:18
LH:0
BRF:0
BRH:0
end_of_record
TN:
SF:src\worker.ts
FN:33,initialize
FN:64,shutdown
FN:102,(anonymous_3)
FN:126,(anonymous_4)
FN:132,(anonymous_5)
FN:144,(anonymous_6)
FN:169,(anonymous_7)
FN:170,(anonymous_8)
FN:172,(anonymous_9)
FN:177,(anonymous_10)
FN:187,(anonymous_11)
FN:192,(anonymous_12)
FNF:12
FNH:0
FNDA:0,initialize
FNDA:0,shutdown
FNDA:0,(anonymous_3)
FNDA:0,(anonymous_4)
FNDA:0,(anonymous_5)
FNDA:0,(anonymous_6)
FNDA:0,(anonymous_7)
FNDA:0,(anonymous_8)
FNDA:0,(anonymous_9)
FNDA:0,(anonymous_10)
FNDA:0,(anonymous_11)
FNDA:0,(anonymous_12)
DA:16,0
DA:17,0
DA:18,0
DA:19,0
DA:20,0
DA:21,0
DA:22,0
DA:24,0
DA:25,0
DA:28,0
DA:34,0
DA:35,0
DA:38,0
DA:41,0
DA:44,0
DA:47,0
DA:48,0
DA:51,0
DA:53,0
DA:56,0
DA:57,0
DA:65,0
DA:66,0
DA:69,0
DA:71,0
DA:73,0
DA:75,0
DA:76,0
DA:80,0
DA:83,0
DA:86,0
DA:88,0
DA:89,0
DA:92,0
DA:93,0
DA:102,0
DA:103,0
DA:104,0
DA:105,0
DA:107,0
DA:109,0
DA:117,0
DA:126,0
DA:127,0
DA:128,0
DA:132,0
DA:133,0
DA:134,0
DA:135,0
DA:137,0
DA:144,0
DA:145,0
DA:146,0
DA:147,0
DA:150,0
DA:151,0
DA:153,0
DA:159,0
DA:169,0
DA:170,0
DA:172,0
DA:173,0
DA:174,0
DA:177,0
DA:178,0
DA:179,0
DA:187,0
DA:188,0
DA:192,0
DA:193,0
DA:194,0
LF:71
LH:0
BRDA:25,0,0,0
BRDA:25,0,1,0
BRDA:65,1,0,0
BRDA:75,2,0,0
BRDA:105,3,0,0
BRDA:105,3,1,0
BRDA:107,4,0,0
BRDA:107,4,1,0
BRDA:109,5,0,0
BRDA:109,5,1,0
BRDA:110,6,0,0
BRDA:110,6,1,0
BRDA:119,7,0,0
BRDA:119,7,1,0
BRDA:138,8,0,0
BRDA:138,8,1,0
BRDA:146,9,0,0
BRDA:160,10,0,0
BRDA:160,10,1,0
BRF:19
BRH:0
end_of_record
TN:
SF:src\config\apns.ts
FN:17,(anonymous_1)
FN:80,(anonymous_2)
FN:87,(anonymous_3)
FN:101,(anonymous_4)
FN:103,(anonymous_5)
FNF:5
FNH:0
FNDA:0,(anonymous_1)
FNDA:0,(anonymous_2)
FNDA:0,(anonymous_3)
FNDA:0,(anonymous_4)
FNDA:0,(anonymous_5)
DA:1,0
DA:2,0
DA:3,0
DA:4,0
DA:14,0
DA:15,0
DA:17,0
DA:18,0
DA:19,0
DA:20,0
DA:23,0
DA:24,0
DA:33,0
DA:40,0
DA:41,0
DA:42,0
DA:47,0
DA:48,0
DA:49,0
DA:53,0
DA:56,0
DA:65,0
DA:68,0
DA:69,0
DA:70,0
DA:72,0
DA:75,0
DA:76,0
DA:80,0
DA:81,0
DA:82,0
DA:84,0
DA:87,0
DA:88,0
DA:89,0
DA:90,0
DA:91,0
DA:92,0
DA:93,0
DA:95,0
DA:96,0
DA:101,0
DA:103,0
DA:104,0
DA:106,0
DA:111,0
DA:112,0
DA:113,0
DA:115,0
DA:116,0
DA:120,0
DA:122,0
LF:52
LH:0
BRDA:18,0,0,0
BRDA:41,1,0,0
BRDA:48,2,0,0
BRDA:70,3,0,0
BRDA:70,3,1,0
BRDA:81,4,0,0
BRDA:88,5,0,0
BRDA:115,6,0,0
BRF:8
BRH:0
end_of_record
TN:
SF:src\config\connectionPool.ts
FN:41,(anonymous_1)
FN:72,(anonymous_2)
FN:124,(anonymous_3)
FN:125,(anonymous_4)
FN:129,(anonymous_5)
FN:136,(anonymous_6)
FN:142,(anonymous_7)
FN:146,(anonymous_8)
FN:153,(anonymous_9)
FN:161,(anonymous_10)
FN:182,(anonymous_11)
FN:198,(anonymous_12)
FN:211,(anonymous_13)
FN:229,(anonymous_14)
FN:247,(anonymous_15)
FN:248,(anonymous_16)
FNF:16
FNH:0
FNDA:0,(anonymous_1)
FNDA:0,(anonymous_2)
FNDA:0,(anonymous_3)
FNDA:0,(anonymous_4)
FNDA:0,(anonymous_5)
FNDA:0,(anonymous_6)
FNDA:0,(anonymous_7)
FNDA:0,(anonymous_8)
FNDA:0,(anonymous_9)
FNDA:0,(anonymous_10)
FNDA:0,(anonymous_11)
FNDA:0,(anonymous_12)
FNDA:0,(anonymous_13)
FNDA:0,(anonymous_14)
FNDA:0,(anonymous_15)
FNDA:0,(anonymous_16)
DA:1,0
DA:2,0
DA:34,0
DA:36,0
DA:37,0
DA:38,0
DA:39,0
DA:42,0
DA:43,0
DA:44,0
DA:46,0
DA:60,0
DA:73,0
DA:74,0
DA:75,0
DA:78,0
DA:79,0
DA:81,0
DA:83,0
DA:95,0
DA:96,0
DA:98,0
DA:105,0
DA:108,0
DA:110,0
DA:111,0
DA:112,0
DA:113,0
DA:115,0
DA:116,0
DA:125,0
DA:126,0
DA:129,0
DA:130,0
DA:131,0
DA:134,0
DA:135,0
DA:136,0
DA:137,0
DA:142,0
DA:143,0
DA:146,0
DA:147,0
DA:148,0
DA:149,0
DA:153,0
DA:154,0
DA:169,0
DA:183,0
DA:185,0
DA:199,0
DA:205,0
DA:212,0
DA:213,0
DA:214,0
DA:218,0
DA:219,0
DA:221,0
DA:222,0
DA:230,0
DA:231,0
DA:234,0
DA:235,0
DA:236,0
DA:237,0
DA:239,0
DA:240,0
DA:248,0
DA:253,0
LF:69
LH:0
BRDA:42,0,0,0
BRDA:42,0,1,0
BRDA:43,1,0,0
BRDA:43,1,1,0
BRDA:47,2,0,0
BRDA:47,2,1,0
BRDA:47,2,2,0
BRDA:48,3,0,0
BRDA:48,3,1,0
BRDA:48,3,2,0
BRDA:49,4,0,0
BRDA:49,4,1,0
BRDA:50,5,0,0
BRDA:50,5,1,0
BRDA:51,6,0,0
BRDA:51,6,1,0
BRDA:52,7,0,0
BRDA:52,7,1,0
BRDA:53,8,0,0
BRDA:53,8,1,0
BRDA:54,9,0,0
BRDA:54,9,1,0
BRDA:57,10,0,0
BRDA:57,10,1,0
BRDA:73,11,0,0
BRDA:110,12,0,0
BRDA:110,12,1,0
BRDA:134,13,0,0
BRDA:205,14,0,0
BRDA:205,14,1,0
BRDA:213,15,0,0
BRDA:213,16,0,0
BRDA:213,16,1,0
BRDA:230,17,0,0
BRF:34
BRH:0
end_of_record
TN:
SF:src\config\database.ts
FN:23,(anonymous_1)
FN:38,(anonymous_2)
FN:42,(anonymous_3)
FN:47,(anonymous_4)
FN:58,(anonymous_5)
FN:73,(anonymous_6)
FN:74,(anonymous_7)
FNF:7
FNH:0
FNDA:0,(anonymous_1)
FNDA:0,(anonymous_2)
FNDA:0,(anonymous_3)
FNDA:0,(anonymous_4)
FNDA:0,(anonymous_5)
FNDA:0,(anonymous_6)
FNDA:0,(anonymous_7)
DA:1,0
DA:2,0
DA:9,0
DA:21,0
DA:23,0
DA:24,0
DA:25,0
DA:26,0
DA:29,0
DA:30,0
DA:32,0
DA:34,0
DA:35,0
DA:38,0
DA:39,0
DA:42,0
DA:43,0
DA:44,0
DA:47,0
DA:48,0
DA:49,0
DA:53,0
DA:54,0
DA:58,0
DA:59,0
DA:60,0
DA:63,0
DA:64,0
DA:65,0
DA:66,0
DA:68,0
DA:69,0
DA:73,0
DA:74,0
LF:34
LH:0
BRDA:10,0,0,0
BRDA:10,0,1,0
BRDA:24,1,0,0
BRDA:59,2,0,0
BRF:4
BRH:0
end_of_record
TN:
SF:src\config\databasePool.ts
FN:37,(anonymous_1)
FN:63,(anonymous_2)
FN:100,(anonymous_3)
FN:104,(anonymous_4)
FN:108,(anonymous_5)
FN:113,(anonymous_6)
FN:134,(anonymous_7)
FN:153,(anonymous_8)
FN:185,(anonymous_9)
FN:186,(anonymous_10)
FN:216,(anonymous_11)
FN:223,(anonymous_12)
FN:237,(anonymous_13)
FN:250,(anonymous_14)
FN:267,initializeDatabasePool
FNF:15
FNH:0
FNDA:0,(anonymous_1)
FNDA:0,(anonymous_2)
FNDA:0,(anonymous_3)
FNDA:0,(anonymous_4)
FNDA:0,(anonymous_5)
FNDA:0,(anonymous_6)
FNDA:0,(anonymous_7)
FNDA:0,(anonymous_8)
FNDA:0,(anonymous_9)
FNDA:0,(anonymous_10)
FNDA:0,(anonymous_11)
FNDA:0,(anonymous_12)
FNDA:0,(anonymous_13)
FNDA:0,(anonymous_14)
FNDA:0,initializeDatabasePool
DA:1,0
DA:2,0
DA:33,0
DA:35,0
DA:40,0
DA:42,0
DA:53,0
DA:64,0
DA:65,0
DA:66,0
DA:69,0
DA:70,0
DA:97,0
DA:100,0
DA:101,0
DA:104,0
DA:105,0
DA:108,0
DA:109,0
DA:110,0
DA:113,0
DA:114,0
DA:115,0
DA:119,0
DA:121,0
DA:125,0
DA:126,0
DA:127,0
DA:135,0
DA:136,0
DA:137,0
DA:140,0
DA:141,0
DA:142,0
DA:143,0
DA:145,0
DA:146,0
DA:154,0
DA:155,0
DA:158,0
DA:160,0
DA:162,0
DA:163,0
DA:164,0
DA:165,0
DA:166,0
DA:176,0
DA:179,0
DA:186,0
DA:187,0
DA:189,0
DA:190,0
DA:192,0
DA:201,0
DA:202,0
DA:206,0
DA:207,0
DA:217,0
DA:224,0
DA:225,0
DA:227,0
DA:228,0
DA:229,0
DA:231,0
DA:240,0
DA:241,0
DA:244,0
DA:251,0
DA:253,0
DA:254,0
DA:257,0
DA:262,0
DA:267,0
DA:271,0
DA:273,0
DA:279,0
DA:285,0
DA:287,0
LF:78
LH:0
BRDA:40,0,0,0
BRDA:40,0,1,0
BRDA:43,1,0,0
BRDA:43,1,1,0
BRDA:43,1,2,0
BRDA:44,2,0,0
BRDA:44,2,1,0
BRDA:45,3,0,0
BRDA:45,3,1,0
BRDA:46,4,0,0
BRDA:46,4,1,0
BRDA:47,5,0,0
BRDA:47,5,1,0
BRDA:48,6,0,0
BRDA:48,6,1,0
BRDA:49,7,0,0
BRDA:49,7,1,0
BRDA:50,8,0,0
BRDA:50,8,1,0
BRDA:64,9,0,0
BRDA:135,10,0,0
BRDA:162,11,0,0
BRDA:162,12,0,0
BRDA:162,12,1,0
BRDA:164,13,0,0
BRDA:164,14,0,0
BRDA:164,14,1,0
BRDA:167,15,0,0
BRDA:167,15,1,0
BRDA:168,16,0,0
BRDA:168,16,1,0
BRDA:169,17,0,0
BRDA:169,17,1,0
BRDA:169,18,0,0
BRDA:169,18,1,0
BRDA:170,19,0,0
BRDA:170,19,1,0
BRDA:189,20,0,0
BRDA:201,21,0,0
BRDA:206,22,0,0
BRDA:217,23,0,0
BRDA:217,23,1,0
BRDA:229,24,0,0
BRDA:229,24,1,0
BRDA:231,25,0,0
BRDA:231,25,1,0
BRDA:268,26,0,0
BRDA:269,27,0,0
BRF:48
BRH:0
end_of_record
TN:
SF:src\config\firebase.ts
FN:16,(anonymous_1)
FN:80,(anonymous_2)
FN:87,(anonymous_3)
FN:94,(anonymous_4)
FNF:4
FNH:0
FNDA:0,(anonymous_1)
FNDA:0,(anonymous_2)
FNDA:0,(anonymous_3)
FNDA:0,(anonymous_4)
DA:1,0
DA:2,0
DA:14,0
DA:16,0
DA:17,0
DA:18,0
DA:19,0
DA:22,0
DA:23,0
DA:34,0
DA:42,0
DA:43,0
DA:44,0
DA:49,0
DA:62,0
DA:68,0
DA:70,0
DA:71,0
DA:72,0
DA:75,0
DA:76,0
DA:80,0
DA:81,0
DA:82,0
DA:84,0
DA:87,0
DA:88,0
DA:89,0
DA:91,0
DA:94,0
LF:30
LH:0
BRDA:17,0,0,0
BRDA:29,1,0,0
BRDA:29,1,1,0
BRDA:30,2,0,0
BRDA:30,2,1,0
BRDA:43,3,0,0
BRDA:81,4,0,0
BRDA:88,5,0,0
BRF:8
BRH:0
end_of_record
TN:
SF:src\config\messageQueue.ts
FN:31,(anonymous_9)
FN:73,(anonymous_10)
FN:76,(anonymous_11)
FN:80,(anonymous_12)
FN:88,(anonymous_13)
FN:91,(anonymous_14)
FN:95,(anonymous_15)
FN:109,(anonymous_16)
FN:126,(anonymous_17)
FN:128,(anonymous_18)
FN:134,(anonymous_19)
FN:169,(anonymous_20)
FN:190,(anonymous_21)
FN:238,(anonymous_22)
FN:255,(anonymous_23)
FNF:15
FNH:0
FNDA:0,(anonymous_9)
FNDA:0,(anonymous_10)
FNDA:0,(anonymous_11)
FNDA:0,(anonymous_12)
FNDA:0,(anonymous_13)
FNDA:0,(anonymous_14)
FNDA:0,(anonymous_15)
FNDA:0,(anonymous_16)
FNDA:0,(anonymous_17)
FNDA:0,(anonymous_18)
FNDA:0,(anonymous_19)
FNDA:0,(anonymous_20)
FNDA:0,(anonymous_21)
FNDA:0,(anonymous_22)
FNDA:0,(anonymous_23)
DA:1,0
DA:2,0
DA:16,0
DA:28,0
DA:29,0
DA:31,0
DA:32,0
DA:34,0
DA:39,0
DA:42,0
DA:46,0
DA:48,0
DA:51,0
DA:56,0
DA:61,0
DA:62,0
DA:67,0
DA:69,0
DA:72,0
DA:73,0
DA:74,0
DA:76,0
DA:77,0
DA:80,0
DA:81,0
DA:82,0
DA:83,0
DA:87,0
DA:88,0
DA:89,0
DA:91,0
DA:92,0
DA:95,0
DA:96,0
DA:97,0
DA:102,0
DA:103,0
DA:104,0
DA:105,0
DA:109,0
DA:110,0
DA:111,0
DA:112,0
DA:113,0
DA:115,0
DA:116,0
DA:117,0
DA:119,0
DA:121,0
DA:122,0
DA:126,0
DA:128,0
DA:129,0
DA:133,0
DA:135,0
DA:136,0
DA:137,0
DA:138,0
DA:141,0
DA:142,0
DA:149,0
DA:156,0
DA:157,0
DA:159,0
DA:162,0
DA:164,0
DA:165,0
DA:178,0
DA:179,0
DA:180,0
DA:181,0
DA:185,0
DA:186,0
DA:188,0
DA:191,0
DA:193,0
DA:194,0
DA:195,0
DA:199,0
DA:200,0
DA:201,0
DA:202,0
DA:204,0
DA:206,0
DA:207,0
DA:209,0
DA:212,0
DA:213,0
DA:214,0
DA:224,0
DA:229,0
DA:230,0
DA:245,0
DA:247,0
DA:249,0
DA:256,0
DA:257,0
DA:258,0
DA:259,0
DA:262,0
DA:263,0
DA:267,0
DA:269,0
DA:270,0
LF:104
LH:0
BRDA:17,0,0,0
BRDA:17,0,1,0
BRDA:18,1,0,0
BRDA:18,1,1,0
BRDA:19,2,0,0
BRDA:19,2,1,0
BRDA:20,3,0,0
BRDA:20,3,1,0
BRDA:21,4,0,0
BRDA:21,4,1,0
BRDA:72,5,0,0
BRDA:87,6,0,0
BRDA:111,7,0,0
BRDA:115,8,0,0
BRDA:129,9,0,0
BRDA:129,9,1,0
BRDA:136,10,0,0
BRDA:156,11,0,0
BRDA:156,11,1,0
BRDA:179,12,0,0
BRDA:185,13,0,0
BRDA:185,13,1,0
BRDA:191,14,0,0
BRDA:200,15,0,0
BRDA:200,15,1,0
BRDA:201,16,0,0
BRDA:206,17,0,0
BRDA:213,18,0,0
BRDA:219,19,0,0
BRDA:219,19,1,0
BRDA:243,20,0,0
BRDA:257,21,0,0
BRF:32
BRH:0
end_of_record
TN:
SF:src\config\redis.ts
FN:6,(anonymous_0)
FN:22,(anonymous_1)
FN:26,(anonymous_2)
FN:30,(anonymous_3)
FN:34,(anonymous_4)
FN:38,(anonymous_5)
FN:50,(anonymous_6)
FN:62,(anonymous_7)
FN:64,(anonymous_8)
FN:70,(anonymous_9)
FN:81,(anonymous_10)
FN:98,(anonymous_11)
FN:110,(anonymous_12)
FN:122,(anonymous_13)
FN:68,(anonymous_14)
FNF:15
FNH:0
FNDA:0,(anonymous_0)
FNDA:0,(anonymous_1)
FNDA:0,(anonymous_2)
FNDA:0,(anonymous_3)
FNDA:0,(anonymous_4)
FNDA:0,(anonymous_5)
FNDA:0,(anonymous_6)
FNDA:0,(anonymous_7)
FNDA:0,(anonymous_8)
FNDA:0,(anonymous_9)
FNDA:0,(anonymous_10)
FNDA:0,(anonymous_11)
FNDA:0,(anonymous_12)
FNDA:0,(anonymous_13)
FNDA:0,(anonymous_14)
DA:1,0
DA:2,0
DA:4,0
DA:6,0
DA:7,0
DA:8,0
DA:9,0
DA:12,0
DA:13,0
DA:15,0
DA:22,0
DA:23,0
DA:26,0
DA:27,0
DA:30,0
DA:31,0
DA:34,0
DA:35,0
DA:38,0
DA:39,0
DA:42,0
DA:45,0
DA:46,0
DA:50,0
DA:51,0
DA:52,0
DA:53,0
DA:54,0
DA:56,0
DA:57,0
DA:62,0
DA:64,0
DA:67,0
DA:68,0
DA:71,0
DA:72,0
DA:73,0
DA:74,0
DA:76,0
DA:77,0
DA:82,0
DA:83,0
DA:84,0
DA:86,0
DA:87,0
DA:89,0
DA:91,0
DA:93,0
DA:94,0
DA:99,0
DA:100,0
DA:101,0
DA:102,0
DA:103,0
DA:105,0
DA:106,0
DA:111,0
DA:112,0
DA:113,0
DA:114,0
DA:115,0
DA:117,0
DA:118,0
DA:123,0
DA:124,0
DA:125,0
DA:126,0
DA:127,0
DA:129,0
DA:130,0
LF:70
LH:0
BRDA:7,0,0,0
BRDA:13,1,0,0
BRDA:13,1,1,0
BRDA:51,2,0,0
BRDA:64,3,0,0
BRDA:64,3,1,0
BRDA:73,4,0,0
BRDA:84,5,0,0
BRDA:86,6,0,0
BRDA:86,6,1,0
BRDA:101,7,0,0
BRDA:113,8,0,0
BRDA:125,9,0,0
BRF:13
BRH:0
end_of_record
TN:
SF:src\controllers\DeviceController.ts
FN:14,(anonymous_1)
FN:49,(anonymous_2)
FN:66,(anonymous_3)
FNF:3
FNH:0
FNDA:0,(anonymous_1)
FNDA:0,(anonymous_2)
FNDA:0,(anonymous_3)
DA:2,0
DA:3,0
DA:4,0
DA:5,0
DA:7,0
DA:11,0
DA:13,0
DA:15,0
DA:21,0
DA:22,0
DA:24,0
DA:25,0
DA:26,0
DA:27,0
DA:28,0
DA:29,0
DA:30,0
DA:31,0
DA:32,0
DA:34,0
DA:45,0
DA:46,0
DA:50,0
DA:54,0
DA:55,0
DA:56,0
DA:57,0
DA:58,0
DA:59,0
DA:60,0
DA:61,0
DA:62,0
DA:63,0
DA:67,0
DA:68,0
DA:69,0
DA:70,0
DA:71,0
DA:72,0
DA:73,0
DA:74,0
LF:41
LH:0
BRDA:22,0,0,0
BRDA:27,1,0,0
BRDA:27,1,1,0
BRDA:55,2,0,0
BRDA:58,3,0,0
BRDA:61,4,0,0
BRDA:69,5,0,0
BRDA:71,6,0,0
BRF:8
BRH:0
end_of_record
TN:
SF:src\controllers\NotificationController.ts
FN:15,getUserIdFromAuth
FN:23,(anonymous_2)
FN:41,(anonymous_3)
FN:54,(anonymous_4)
FN:76,(anonymous_5)
FN:97,(anonymous_6)
FN:126,(anonymous_7)
FN:164,(anonymous_8)
FNF:8
FNH:0
FNDA:0,getUserIdFromAuth
FNDA:0,(anonymous_2)
FNDA:0,(anonymous_3)
FNDA:0,(anonymous_4)
FNDA:0,(anonymous_5)
FNDA:0,(anonymous_6)
FNDA:0,(anonymous_7)
FNDA:0,(anonymous_8)
DA:3,0
DA:6,0
DA:7,0
DA:8,0
DA:11,0
DA:12,0
DA:16,0
DA:17,0
DA:19,0
DA:22,0
DA:24,0
DA:25,0
DA:26,0
DA:28,0
DA:29,0
DA:30,0
DA:33,0
DA:40,0
DA:41,0
DA:54,0
DA:77,0
DA:78,0
DA:79,0
DA:83,0
DA:84,0
DA:86,0
DA:92,0
DA:93,0
DA:98,0
DA:99,0
DA:100,0
DA:102,0
DA:103,0
DA:104,0
DA:105,0
DA:108,0
DA:109,0
DA:113,0
DA:115,0
DA:116,0
DA:119,0
DA:121,0
DA:122,0
DA:127,0
DA:128,0
DA:129,0
DA:131,0
DA:132,0
DA:134,0
DA:136,0
DA:137,0
DA:139,0
DA:140,0
DA:144,0
DA:150,0
DA:153,0
DA:154,0
DA:157,0
DA:159,0
DA:160,0
DA:165,0
DA:166,0
DA:167,0
DA:168,0
DA:169,0
DA:170,0
DA:172,0
DA:176,0
DA:178,0
LF:69
LH:0
BRDA:16,0,0,0
BRDA:16,1,0,0
BRDA:16,1,1,0
BRDA:16,1,2,0
BRDA:26,2,0,0
BRDA:28,3,0,0
BRDA:28,3,1,0
BRDA:30,4,0,0
BRDA:30,4,1,0
BRDA:36,5,0,0
BRDA:36,5,1,0
BRDA:62,6,0,0
BRDA:62,6,1,0
BRDA:77,7,0,0
BRDA:77,7,1,0
BRDA:78,8,0,0
BRDA:78,8,1,0
BRDA:100,9,0,0
BRDA:108,10,0,0
BRDA:129,11,0,0
BRDA:134,12,0,0
BRDA:136,13,0,0
BRDA:150,14,0,0
BRDA:167,15,0,0
BRDA:169,16,0,0
BRDA:169,17,0,0
BRDA:169,17,1,0
BRF:27
BRH:0
end_of_record
TN:
SF:src\controllers\PreferencesController.ts
FN:14,(anonymous_1)
FN:66,(anonymous_2)
FN:158,(anonymous_3)
FNF:3
FNH:0
FNDA:0,(anonymous_1)
FNDA:0,(anonymous_2)
FNDA:0,(anonymous_3)
DA:2,0
DA:3,0
DA:15,0
DA:16,0
DA:18,0
DA:19,0
DA:20,0
DA:24,0
DA:26,0
DA:28,0
DA:44,0
DA:45,0
DA:48,0
DA:55,0
DA:56,0
DA:67,0
DA:68,0
DA:69,0
DA:71,0
DA:72,0
DA:73,0
DA:77,0
DA:79,0
DA:80,0
DA:99,0
DA:100,0
DA:101,0
DA:104,0
DA:105,0
DA:107,0
DA:108,0
DA:110,0
DA:111,0
DA:115,0
DA:116,0
DA:117,0
DA:124,0
DA:125,0
DA:127,0
DA:128,0
DA:130,0
DA:131,0
DA:133,0
DA:134,0
DA:136,0
DA:139,0
DA:141,0
DA:148,0
DA:149,0
DA:159,0
DA:160,0
DA:161,0
DA:163,0
DA:164,0
DA:165,0
DA:168,0
DA:169,0
DA:170,0
DA:174,0
DA:176,0
DA:177,0
DA:190,0
DA:191,0
DA:192,0
DA:193,0
DA:195,0
DA:196,0
DA:198,0
DA:199,0
DA:201,0
DA:206,0
DA:208,0
DA:210,0
DA:217,0
DA:218,0
DA:223,0
LF:76
LH:0
BRDA:18,0,0,0
BRDA:26,1,0,0
BRDA:71,2,0,0
BRDA:79,3,0,0
BRDA:99,4,0,0
BRDA:99,5,0,0
BRDA:99,5,1,0
BRDA:100,6,0,0
BRDA:104,7,0,0
BRDA:107,8,0,0
BRDA:115,9,0,0
BRDA:116,10,0,0
BRDA:124,11,0,0
BRDA:127,12,0,0
BRDA:130,13,0,0
BRDA:133,14,0,0
BRDA:163,15,0,0
BRDA:168,16,0,0
BRDA:168,17,0,0
BRDA:168,17,1,0
BRDA:176,18,0,0
BRDA:191,19,0,0
BRDA:192,20,0,0
BRDA:195,21,0,0
BRDA:198,22,0,0
BRDA:198,22,1,0
BRF:26
BRH:0
end_of_record
TN:
SF:src\middleware\auth.ts
FN:45,(anonymous_1)
FN:50,(anonymous_2)
FN:55,(anonymous_3)
FN:110,(anonymous_4)
FN:134,(anonymous_5)
FN:173,(anonymous_6)
FN:176,(anonymous_7)
FN:199,(anonymous_8)
FN:200,(anonymous_9)
FN:233,generateToken
FN:245,blacklistToken
FN:261,refreshToken
FN:287,(anonymous_13)
FN:300,getLastSeen
FN:311,(anonymous_15)
FNF:15
FNH:0
FNDA:0,(anonymous_1)
FNDA:0,(anonymous_2)
FNDA:0,(anonymous_3)
FNDA:0,(anonymous_4)
FNDA:0,(anonymous_5)
FNDA:0,(anonymous_6)
FNDA:0,(anonymous_7)
FNDA:0,(anonymous_8)
FNDA:0,(anonymous_9)
FNDA:0,generateToken
FNDA:0,blacklistToken
FNDA:0,refreshToken
FNDA:0,(anonymous_13)
FNDA:0,getLastSeen
FNDA:0,(anonymous_15)
DA:2,0
DA:3,0
DA:4,0
DA:5,0
DA:27,0
DA:28,0
DA:29,0
DA:30,0
DA:34,0
DA:41,0
DA:45,0
DA:46,0
DA:47,0
DA:50,0
DA:51,0
DA:55,0
DA:56,0
DA:60,0
DA:61,0
DA:62,0
DA:65,0
DA:69,0
DA:70,0
DA:74,0
DA:75,0
DA:76,0
DA:80,0
DA:83,0
DA:84,0
DA:88,0
DA:89,0
DA:92,0
DA:93,0
DA:96,0
DA:99,0
DA:100,0
DA:101,0
DA:102,0
DA:104,0
DA:110,0
DA:111,0
DA:112,0
DA:114,0
DA:115,0
DA:116,0
DA:119,0
DA:120,0
DA:125,0
DA:129,0
DA:130,0
DA:134,0
DA:135,0
DA:136,0
DA:138,0
DA:139,0
DA:142,0
DA:146,0
DA:147,0
DA:151,0
DA:152,0
DA:153,0
DA:157,0
DA:160,0
DA:161,0
DA:163,0
DA:167,0
DA:168,0
DA:173,0
DA:174,0
DA:176,0
DA:177,0
DA:178,0
DA:181,0
DA:183,0
DA:184,0
DA:191,0
DA:194,0
DA:199,0
DA:200,0
DA:201,0
DA:202,0
DA:207,0
DA:208,0
DA:211,0
DA:214,0
DA:215,0
DA:218,0
DA:219,0
DA:225,0
DA:228,0
DA:233,0
DA:237,0
DA:245,0
DA:246,0
DA:247,0
DA:248,0
DA:249,0
DA:250,0
DA:251,0
DA:252,0
DA:256,0
DA:261,0
DA:262,0
DA:263,0
DA:266,0
DA:267,0
DA:269,0
DA:271,0
DA:278,0
DA:281,0
DA:282,0
DA:287,0
DA:288,0
DA:289,0
DA:295,0
DA:300,0
DA:301,0
DA:302,0
DA:303,0
DA:305,0
DA:306,0
DA:311,0
DA:312,0
DA:313,0
DA:315,0
DA:316,0
DA:322,0
DA:326,0
DA:327,0
LF:129
LH:0
BRDA:27,0,0,0
BRDA:27,0,1,0
BRDA:28,1,0,0
BRDA:28,2,0,0
BRDA:28,2,1,0
BRDA:50,3,0,0
BRDA:55,4,0,0
BRDA:61,5,0,0
BRDA:65,6,0,0
BRDA:65,6,1,0
BRDA:69,7,0,0
BRDA:75,8,0,0
BRDA:83,9,0,0
BRDA:92,10,0,0
BRDA:99,11,0,0
BRDA:99,11,1,0
BRDA:101,12,0,0
BRDA:101,12,1,0
BRDA:114,13,0,0
BRDA:119,14,0,0
BRDA:119,15,0,0
BRDA:119,15,1,0
BRDA:138,16,0,0
BRDA:142,17,0,0
BRDA:142,17,1,0
BRDA:146,18,0,0
BRDA:152,19,0,0
BRDA:174,20,0,0
BRDA:174,20,1,0
BRDA:177,21,0,0
BRDA:181,22,0,0
BRDA:181,22,1,0
BRDA:183,23,0,0
BRDA:201,24,0,0
BRDA:207,25,0,0
BRDA:207,25,1,0
BRDA:211,26,0,0
BRDA:211,26,1,0
BRDA:214,27,0,0
BRDA:218,28,0,0
BRDA:218,29,0,0
BRDA:218,29,1,0
BRDA:235,30,0,0
BRDA:235,31,0,0
BRDA:235,31,1,0
BRDA:248,32,0,0
BRDA:248,33,0,0
BRDA:248,33,1,0
BRDA:250,34,0,0
BRDA:269,35,0,0
BRDA:273,36,0,0
BRDA:273,36,1,0
BRDA:274,37,0,0
BRDA:274,37,1,0
BRDA:303,38,0,0
BRDA:303,38,1,0
BRDA:313,39,0,0
BRDA:313,39,1,0
BRDA:315,40,0,0
BRDA:315,41,0,0
BRDA:315,41,1,0
BRF:61
BRH:0
end_of_record
TN:
SF:src\middleware\cors.ts
FN:15,(anonymous_0)
FN:69,(anonymous_1)
FN:84,handlePreflightRequest
FN:93,(anonymous_3)
FN:124,handleActualRequest
FN:127,(anonymous_5)
FN:165,(anonymous_6)
FN:187,isOriginAllowed
FN:202,(anonymous_8)
FNF:9
FNH:0
FNDA:0,(anonymous_0)
FNDA:0,(anonymous_1)
FNDA:0,handlePreflightRequest
FNDA:0,(anonymous_3)
FNDA:0,handleActualRequest
FNDA:0,(anonymous_5)
FNDA:0,(anonymous_6)
FNDA:0,isOriginAllowed
FNDA:0,(anonymous_8)
DA:2,0
DA:14,0
DA:17,0
DA:18,0
DA:22,0
DA:30,0
DA:31,0
DA:32,0
DA:37,0
DA:38,0
DA:42,0
DA:47,0
DA:69,0
DA:70,0
DA:71,0
DA:72,0
DA:75,0
DA:76,0
DA:77,0
DA:81,0
DA:85,0
DA:92,0
DA:93,0
DA:94,0
DA:95,0
DA:96,0
DA:100,0
DA:104,0
DA:105,0
DA:108,0
DA:109,0
DA:111,0
DA:112,0
DA:115,0
DA:116,0
DA:120,0
DA:126,0
DA:127,0
DA:128,0
DA:129,0
DA:130,0
DA:134,0
DA:138,0
DA:139,0
DA:142,0
DA:145,0
DA:147,0
DA:151,0
DA:160,0
DA:165,0
DA:167,0
DA:170,0
DA:173,0
DA:176,0
DA:179,0
DA:180,0
DA:183,0
DA:187,0
DA:188,0
DA:190,0
DA:192,0
DA:193,0
DA:194,0
DA:198,0
DA:202,0
DA:204,0
DA:207,0
DA:209,0
DA:210,0
DA:211,0
DA:212,0
DA:215,0
LF:72
LH:0
BRDA:17,0,0,0
BRDA:22,1,0,0
BRDA:22,1,1,0
BRDA:30,2,0,0
BRDA:31,3,0,0
BRDA:31,4,0,0
BRDA:31,4,1,0
BRDA:37,5,0,0
BRDA:75,6,0,0
BRDA:94,7,0,0
BRDA:94,8,0,0
BRDA:94,8,1,0
BRDA:104,9,0,0
BRDA:111,10,0,0
BRDA:115,11,0,0
BRDA:120,12,0,0
BRDA:120,12,1,0
BRDA:128,13,0,0
BRDA:128,14,0,0
BRDA:128,14,1,0
BRDA:138,15,0,0
BRDA:138,15,1,0
BRDA:145,16,0,0
BRDA:145,17,0,0
BRDA:145,17,1,0
BRDA:179,18,0,0
BRDA:188,19,0,0
BRDA:190,20,0,0
BRDA:190,20,1,0
BRDA:192,21,0,0
BRDA:193,22,0,0
BRDA:193,23,0,0
BRDA:193,23,1,0
BRDA:207,24,0,0
BRDA:207,24,1,0
BRDA:209,25,0,0
BRDA:209,26,0,0
BRDA:209,26,1,0
BRF:38
BRH:0
end_of_record
TN:
SF:src\middleware\errorHandler.ts
FN:17,(anonymous_0)
FN:35,(anonymous_1)
FN:60,(anonymous_2)
FN:153,(anonymous_3)
FN:156,(anonymous_4)
FN:163,(anonymous_5)
FN:166,(anonymous_6)
FN:169,(anonymous_7)
FN:172,(anonymous_8)
FN:175,(anonymous_9)
FN:178,(anonymous_10)
FN:181,(anonymous_11)
FN:184,(anonymous_12)
FN:189,(anonymous_13)
FNF:14
FNH:0
FNDA:0,(anonymous_0)
FNDA:0,(anonymous_1)
FNDA:0,(anonymous_2)
FNDA:0,(anonymous_3)
FNDA:0,(anonymous_4)
FNDA:0,(anonymous_5)
FNDA:0,(anonymous_6)
FNDA:0,(anonymous_7)
FNDA:0,(anonymous_8)
FNDA:0,(anonymous_9)
FNDA:0,(anonymous_10)
FNDA:0,(anonymous_11)
FNDA:0,(anonymous_12)
FNDA:0,(anonymous_13)
DA:2,0
DA:11,0
DA:24,0
DA:25,0
DA:26,0
DA:27,0
DA:28,0
DA:29,0
DA:31,0
DA:35,0
DA:42,0
DA:43,0
DA:44,0
DA:45,0
DA:46,0
DA:49,0
DA:50,0
DA:51,0
DA:52,0
DA:53,0
DA:54,0
DA:55,0
DA:57,0
DA:58,0
DA:59,0
DA:60,0
DA:64,0
DA:65,0
DA:67,0
DA:68,0
DA:69,0
DA:70,0
DA:71,0
DA:73,0
DA:74,0
DA:75,0
DA:76,0
DA:77,0
DA:79,0
DA:80,0
DA:81,0
DA:82,0
DA:83,0
DA:85,0
DA:86,0
DA:87,0
DA:88,0
DA:89,0
DA:91,0
DA:92,0
DA:93,0
DA:94,0
DA:95,0
DA:97,0
DA:98,0
DA:99,0
DA:102,0
DA:103,0
DA:104,0
DA:108,0
DA:123,0
DA:124,0
DA:125,0
DA:126,0
DA:130,0
DA:136,0
DA:137,0
DA:140,0
DA:141,0
DA:145,0
DA:146,0
DA:149,0
DA:153,0
DA:156,0
DA:157,0
DA:162,0
DA:164,0
DA:167,0
DA:170,0
DA:173,0
DA:176,0
DA:179,0
DA:182,0
DA:185,0
DA:189,0
DA:190,0
DA:191,0
LF:87
LH:0
BRDA:19,0,0,0
BRDA:20,1,0,0
BRDA:21,2,0,0
BRDA:49,3,0,0
BRDA:49,3,1,0
BRDA:55,4,0,0
BRDA:55,4,1,0
BRDA:60,5,0,0
BRDA:60,5,1,0
BRDA:65,6,0,0
BRDA:65,6,1,0
BRDA:71,7,0,0
BRDA:71,7,1,0
BRDA:77,8,0,0
BRDA:77,8,1,0
BRDA:83,9,0,0
BRDA:83,9,1,0
BRDA:89,10,0,0
BRDA:89,10,1,0
BRDA:89,11,0,0
BRDA:89,11,1,0
BRDA:95,12,0,0
BRDA:102,13,0,0
BRDA:102,13,1,0
BRDA:102,14,0,0
BRDA:102,14,1,0
BRDA:123,15,0,0
BRDA:123,15,1,0
BRDA:125,16,0,0
BRDA:136,17,0,0
BRDA:140,18,0,0
BRDA:140,19,0,0
BRDA:140,19,1,0
BRDA:145,20,0,0
BRDA:166,21,0,0
BRDA:169,22,0,0
BRDA:172,23,0,0
BRDA:178,24,0,0
BRDA:181,25,0,0
BRDA:184,26,0,0
BRF:40
BRH:0
end_of_record
TN:
SF:src\middleware\healthCheck.ts
FN:59,(anonymous_10)
FN:74,simpleHealthCheck
FN:89,detailedHealthCheck
FN:132,(anonymous_13)
FN:160,readinessCheck
FN:184,livenessCheck
FN:194,checkDatabase
FN:234,checkRedis
FN:267,checkMessageQueue
FN:293,checkFirebase
FN:320,checkAPNs
FN:347,getSystemInfo
FN:369,getApplicationStats
FN:372,(anonymous_23)
FN:373,(anonymous_24)
FN:400,getSystemStats
FNF:16
FNH:0
FNDA:0,(anonymous_10)
FNDA:0,simpleHealthCheck
FNDA:0,detailedHealthCheck
FNDA:0,(anonymous_13)
FNDA:0,readinessCheck
FNDA:0,livenessCheck
FNDA:0,checkDatabase
FNDA:0,checkRedis
FNDA:0,checkMessageQueue
FNDA:0,checkFirebase
FNDA:0,checkAPNs
FNDA:0,getSystemInfo
FNDA:0,getApplicationStats
FNDA:0,(anonymous_23)
FNDA:0,(anonymous_24)
FNDA:0,getSystemStats
DA:2,0
DA:3,0
DA:4,0
DA:5,0
DA:6,0
DA:7,0
DA:8,0
DA:59,0
DA:60,0
DA:61,0
DA:62,0
DA:63,0
DA:64,0
DA:65,0
DA:66,0
DA:67,0
DA:70,0
DA:75,0
DA:83,0
DA:85,0
DA:90,0
DA:92,0
DA:94,0
DA:103,0
DA:111,0
DA:128,0
DA:129,0
DA:132,0
DA:138,0
DA:139,0
DA:142,0
DA:144,0
DA:152,0
DA:161,0
DA:163,0
DA:168,0
DA:170,0
DA:171,0
DA:173,0
DA:179,0
DA:186,0
DA:195,0
DA:197,0
DA:198,0
DA:200,0
DA:202,0
DA:215,0
DA:225,0
DA:235,0
DA:237,0
DA:238,0
DA:240,0
DA:241,0
DA:249,0
DA:251,0
DA:258,0
DA:268,0
DA:269,0
DA:271,0
DA:272,0
DA:279,0
DA:285,0
DA:294,0
DA:295,0
DA:297,0
DA:298,0
DA:306,0
DA:312,0
DA:321,0
DA:322,0
DA:324,0
DA:325,0
DA:332,0
DA:338,0
DA:348,0
DA:350,0
DA:370,0
DA:372,0
DA:373,0
DA:375,0
DA:376,0
DA:378,0
DA:389,0
DA:394,0
DA:395,0
DA:402,0
LF:86
LH:0
BRDA:60,0,0,0
BRDA:60,0,1,0
BRDA:62,1,0,0
BRDA:62,1,1,0
BRDA:64,2,0,0
BRDA:64,2,1,0
BRDA:66,3,0,0
BRDA:79,4,0,0
BRDA:79,4,1,0
BRDA:80,5,0,0
BRDA:80,5,1,0
BRDA:103,6,0,0
BRDA:103,6,1,0
BRDA:115,7,0,0
BRDA:115,7,1,0
BRDA:116,8,0,0
BRDA:116,8,1,0
BRDA:138,9,0,0
BRDA:138,9,1,0
BRDA:148,10,0,0
BRDA:148,10,1,0
BRDA:149,11,0,0
BRDA:149,11,1,0
BRDA:154,12,0,0
BRDA:154,12,1,0
BRDA:168,13,0,0
BRDA:168,13,1,0
BRDA:170,14,0,0
BRDA:170,14,1,0
BRDA:198,15,0,0
BRDA:198,15,1,0
BRDA:227,16,0,0
BRDA:227,16,1,0
BRDA:240,17,0,0
BRDA:240,18,0,0
BRDA:240,18,1,0
BRDA:260,19,0,0
BRDA:260,19,1,0
BRDA:271,20,0,0
BRDA:287,21,0,0
BRDA:287,21,1,0
BRDA:297,22,0,0
BRDA:314,23,0,0
BRDA:314,23,1,0
BRDA:324,24,0,0
BRDA:340,25,0,0
BRDA:340,25,1,0
BRF:47
BRH:0
end_of_record
TN:
SF:src\middleware\index.ts
FN:8,setupMiddleware
FN:25,(anonymous_1)
FN:26,(anonymous_2)
FN:27,(anonymous_3)
FN:28,(anonymous_4)
FN:29,(anonymous_5)
FN:30,(anonymous_6)
FNF:7
FNH:0
FNDA:0,setupMiddleware
FNDA:0,(anonymous_1)
FNDA:0,(anonymous_2)
FNDA:0,(anonymous_3)
FNDA:0,(anonymous_4)
FNDA:0,(anonymous_5)
FNDA:0,(anonymous_6)
DA:2,0
DA:3,0
DA:4,0
DA:5,0
DA:6,0
DA:8,0
DA:10,0
DA:13,0
DA:16,0
DA:19,0
DA:22,0
DA:25,0
DA:26,0
DA:27,0
DA:28,0
DA:29,0
DA:30,0
LF:17
LH:0
BRF:0
BRH:0
end_of_record
TN:
SF:src\middleware\rateLimiting.ts
FN:51,createRateLimiter
FN:64,(anonymous_1)
FN:80,initializeRateLimiters
FN:81,(anonymous_3)
FN:89,createRateLimitMiddleware
FN:93,(anonymous_5)
FN:156,(anonymous_6)
FN:165,(anonymous_7)
FN:174,(anonymous_8)
FN:178,(anonymous_9)
FN:189,(anonymous_10)
FN:206,getRateLimitStatus
FN:230,resetRateLimit
FNF:13
FNH:0
FNDA:0,createRateLimiter
FNDA:0,(anonymous_1)
FNDA:0,initializeRateLimiters
FNDA:0,(anonymous_3)
FNDA:0,createRateLimitMiddleware
FNDA:0,(anonymous_5)
FNDA:0,(anonymous_6)
FNDA:0,(anonymous_7)
FNDA:0,(anonymous_8)
FNDA:0,(anonymous_9)
FNDA:0,(anonymous_10)
FNDA:0,getRateLimitStatus
FNDA:0,resetRateLimit
DA:2,0
DA:3,0
DA:4,0
DA:5,0
DA:16,0
DA:22,0
DA:49,0
DA:52,0
DA:53,0
DA:62,0
DA:63,0
DA:64,0
DA:69,0
DA:70,0
DA:72,0
DA:74,0
DA:75,0
DA:80,0
DA:81,0
DA:82,0
DA:85,0
DA:93,0
DA:94,0
DA:95,0
DA:97,0
DA:98,0
DA:99,0
DA:104,0
DA:105,0
DA:108,0
DA:111,0
DA:114,0
DA:120,0
DA:124,0
DA:126,0
DA:133,0
DA:142,0
DA:146,0
DA:152,0
DA:154,0
DA:158,0
DA:159,0
DA:163,0
DA:167,0
DA:168,0
DA:172,0
DA:174,0
DA:178,0
DA:180,0
DA:181,0
DA:185,0
DA:189,0
DA:191,0
DA:192,0
DA:196,0
DA:197,0
DA:198,0
DA:202,0
DA:206,0
DA:214,0
DA:216,0
DA:217,0
DA:220,0
DA:222,0
DA:230,0
DA:231,0
DA:232,0
DA:234,0
DA:235,0
DA:238,0
DA:240,0
DA:245,0
DA:247,0
DA:248,0
LF:74
LH:0
BRDA:17,0,0,0
BRDA:17,0,1,0
BRDA:18,1,0,0
BRDA:18,1,1,0
BRDA:58,2,0,0
BRDA:58,2,1,0
BRDA:62,3,0,0
BRDA:69,4,0,0
BRDA:69,4,1,0
BRDA:97,5,0,0
BRDA:104,6,0,0
BRDA:104,6,1,0
BRDA:108,7,0,0
BRDA:108,7,1,0
BRDA:116,8,0,0
BRDA:116,8,1,0
BRDA:124,9,0,0
BRDA:124,9,1,0
BRDA:158,10,0,0
BRDA:158,10,1,0
BRDA:159,11,0,0
BRDA:159,11,1,0
BRDA:167,12,0,0
BRDA:167,12,1,0
BRDA:168,13,0,0
BRDA:168,13,1,0
BRDA:180,14,0,0
BRDA:191,15,0,0
BRDA:197,16,0,0
BRDA:216,17,0,0
BRDA:223,18,0,0
BRDA:223,18,1,0
BRDA:224,19,0,0
BRDA:224,19,1,0
BRDA:225,20,0,0
BRDA:225,20,1,0
BRDA:234,21,0,0
BRF:37
BRH:0
end_of_record
TN:
SF:src\middleware\requestLogging.ts
FN:5,(anonymous_0)
FN:54,(anonymous_1)
FN:62,(anonymous_2)
FN:103,sanitizeRequestBody
FN:128,(anonymous_4)
FN:135,(anonymous_5)
FN:147,(anonymous_6)
FN:157,(anonymous_7)
FN:158,(anonymous_8)
FN:171,(anonymous_9)
FN:172,(anonymous_10)
FN:173,(anonymous_11)
FN:189,(anonymous_12)
FN:205,getNotificationAction
FN:224,(anonymous_14)
FNF:15
FNH:0
FNDA:0,(anonymous_0)
FNDA:0,(anonymous_1)
FNDA:0,(anonymous_2)
FNDA:0,sanitizeRequestBody
FNDA:0,(anonymous_4)
FNDA:0,(anonymous_5)
FNDA:0,(anonymous_6)
FNDA:0,(anonymous_7)
FNDA:0,(anonymous_8)
FNDA:0,(anonymous_9)
FNDA:0,(anonymous_10)
FNDA:0,(anonymous_11)
FNDA:0,(anonymous_12)
FNDA:0,getNotificationAction
FNDA:0,(anonymous_14)
DA:2,0
DA:5,0
DA:7,0
DA:8,0
DA:11,0
DA:14,0
DA:15,0
DA:18,0
DA:32,0
DA:33,0
DA:34,0
DA:35,0
DA:40,0
DA:41,0
DA:44,0
DA:47,0
DA:48,0
DA:51,0
DA:54,0
DA:55,0
DA:56,0
DA:58,0
DA:62,0
DA:64,0
DA:67,0
DA:79,0
DA:80,0
DA:81,0
DA:82,0
DA:84,0
DA:88,0
DA:89,0
DA:96,0
DA:99,0
DA:104,0
DA:105,0
DA:108,0
DA:111,0
DA:121,0
DA:128,0
DA:129,0
DA:130,0
DA:135,0
DA:136,0
DA:137,0
DA:138,0
DA:139,0
DA:141,0
DA:147,0
DA:148,0
DA:149,0
DA:153,0
DA:157,0
DA:158,0
DA:159,0
DA:166,0
DA:171,0
DA:172,0
DA:173,0
DA:174,0
DA:175,0
DA:177,0
DA:180,0
DA:181,0
DA:184,0
DA:189,0
DA:190,0
DA:192,0
DA:199,0
DA:202,0
DA:206,0
DA:208,0
DA:209,0
DA:210,0
DA:211,0
DA:212,0
DA:213,0
DA:214,0
DA:215,0
DA:216,0
DA:217,0
DA:220,0
DA:224,0
DA:226,0
DA:228,0
DA:229,0
DA:231,0
DA:238,0
LF:88
LH:0
BRDA:32,0,0,0
BRDA:32,1,0,0
BRDA:32,1,1,0
BRDA:34,2,0,0
BRDA:40,3,0,0
BRDA:40,4,0,0
BRDA:40,4,1,0
BRDA:55,5,0,0
BRDA:73,6,0,0
BRDA:73,6,1,0
BRDA:79,7,0,0
BRDA:79,7,1,0
BRDA:81,8,0,0
BRDA:81,8,1,0
BRDA:88,9,0,0
BRDA:104,10,0,0
BRDA:104,11,0,0
BRDA:104,11,1,0
BRDA:129,12,0,0
BRDA:136,13,0,0
BRDA:136,14,0,0
BRDA:136,14,1,0
BRDA:138,15,0,0
BRDA:138,15,1,0
BRDA:148,16,0,0
BRDA:148,17,0,0
BRDA:148,17,1,0
BRDA:148,17,2,0
BRDA:174,18,0,0
BRDA:180,19,0,0
BRDA:190,20,0,0
BRDA:195,21,0,0
BRDA:195,21,1,0
BRDA:196,22,0,0
BRDA:196,22,1,0
BRDA:208,23,0,0
BRDA:208,23,1,0
BRDA:208,24,0,0
BRDA:208,24,1,0
BRDA:210,25,0,0
BRDA:210,25,1,0
BRDA:210,26,0,0
BRDA:210,26,1,0
BRDA:212,27,0,0
BRDA:212,27,1,0
BRDA:214,28,0,0
BRDA:214,28,1,0
BRDA:214,29,0,0
BRDA:214,29,1,0
BRDA:216,30,0,0
BRDA:226,31,0,0
BRDA:226,31,1,0
BRDA:226,31,2,0
BRF:53
BRH:0
end_of_record
TN:
SF:src\models\DeliveryLog.ts
FNF:0
FNH:0
DA:1,0
DA:14,0
DA:27,0
DA:29,0
DA:31,0
LF:5
LH:0
BRF:0
BRH:0
end_of_record
TN:
SF:src\models\Device.ts
FN:119,(anonymous_9)
FN:125,(anonymous_10)
FN:137,(anonymous_11)
FN:143,(anonymous_12)
FN:147,(anonymous_13)
FN:151,(anonymous_14)
FNF:6
FNH:0
FNDA:0,(anonymous_9)
FNDA:0,(anonymous_10)
FNDA:0,(anonymous_11)
FNDA:0,(anonymous_12)
FNDA:0,(anonymous_13)
FNDA:0,(anonymous_14)
DA:1,0
DA:41,0
DA:113,0
DA:114,0
DA:115,0
DA:116,0
DA:119,0
DA:120,0
DA:121,0
DA:122,0
DA:125,0
DA:126,0
DA:127,0
DA:130,0
DA:131,0
DA:134,0
DA:137,0
DA:138,0
DA:139,0
DA:143,0
DA:144,0
DA:147,0
DA:148,0
DA:151,0
DA:152,0
DA:153,0
DA:155,0
DA:163,0
DA:165,0
LF:29
LH:0
BRDA:130,0,0,0
BRDA:147,1,0,0
BRDA:151,2,0,0
BRF:3
BRH:0
end_of_record
TN:
SF:src\models\GroupNotification.ts
FN:189,(anonymous_9)
FN:217,(anonymous_10)
FN:231,(anonymous_11)
FN:243,(anonymous_12)
FNF:4
FNH:0
FNDA:0,(anonymous_9)
FNDA:0,(anonymous_10)
FNDA:0,(anonymous_11)
FNDA:0,(anonymous_12)
DA:1,0
DA:68,0
DA:179,0
DA:180,0
DA:181,0
DA:182,0
DA:189,0
DA:193,0
DA:201,0
DA:202,0
DA:207,0
DA:217,0
DA:221,0
DA:231,0
DA:234,0
DA:243,0
DA:246,0
DA:252,0
DA:257,0
LF:19
LH:0
BRDA:201,0,0,0
BRDA:219,1,0,0
BRF:2
BRH:0
end_of_record
TN:
SF:src\models\Notification.ts
FN:233,(anonymous_9)
FN:239,(anonymous_10)
FN:253,(anonymous_11)
FN:259,(anonymous_12)
FN:283,(anonymous_13)
FN:284,(anonymous_14)
FN:286,(anonymous_15)
FN:288,(anonymous_16)
FN:297,(anonymous_17)
FN:313,(anonymous_18)
FN:320,(anonymous_19)
FN:333,(anonymous_20)
FN:350,(anonymous_21)
FN:358,(anonymous_22)
FNF:14
FNH:0
FNDA:0,(anonymous_9)
FNDA:0,(anonymous_10)
FNDA:0,(anonymous_11)
FNDA:0,(anonymous_12)
FNDA:0,(anonymous_13)
FNDA:0,(anonymous_14)
FNDA:0,(anonymous_15)
FNDA:0,(anonymous_16)
FNDA:0,(anonymous_17)
FNDA:0,(anonymous_18)
FNDA:0,(anonymous_19)
FNDA:0,(anonymous_20)
FNDA:0,(anonymous_21)
FNDA:0,(anonymous_22)
DA:1,0
DA:69,0
DA:209,0
DA:210,0
DA:211,0
DA:212,0
DA:213,0
DA:214,0
DA:215,0
DA:216,0
DA:220,0
DA:230,0
DA:233,0
DA:234,0
DA:235,0
DA:236,0
DA:239,0
DA:244,0
DA:250,0
DA:253,0
DA:259,0
DA:261,0
DA:262,0
DA:264,0
DA:265,0
DA:266,0
DA:267,0
DA:270,0
DA:271,0
DA:274,0
DA:275,0
DA:276,0
DA:278,0
DA:283,0
DA:284,0
DA:285,0
DA:286,0
DA:287,0
DA:288,0
DA:289,0
DA:293,0
DA:297,0
DA:301,0
DA:303,0
DA:304,0
DA:307,0
DA:313,0
DA:314,0
DA:320,0
DA:323,0
DA:333,0
DA:338,0
DA:339,0
DA:342,0
DA:350,0
DA:353,0
DA:358,0
DA:363,0
DA:365,0
DA:366,0
DA:367,0
DA:368,0
DA:369,0
DA:372,0
DA:384,0
DA:386,0
LF:66
LH:0
BRDA:261,0,0,0
BRDA:264,1,0,0
BRDA:264,1,1,0
BRDA:266,2,0,0
BRDA:270,3,0,0
BRDA:274,4,0,0
BRDA:275,5,0,0
BRDA:275,5,1,0
BRDA:284,6,0,0
BRDA:284,6,1,0
BRDA:286,7,0,0
BRDA:286,7,1,0
BRDA:286,8,0,0
BRDA:286,8,1,0
BRDA:288,9,0,0
BRDA:299,10,0,0
BRDA:303,11,0,0
BRDA:309,12,0,0
BRDA:309,12,1,0
BRDA:310,13,0,0
BRDA:310,13,1,0
BRDA:321,14,0,0
BRDA:338,15,0,0
BRDA:365,16,0,0
BRDA:366,17,0,0
BRDA:366,18,0,0
BRDA:366,18,1,0
BRDA:368,19,0,0
BRDA:369,20,0,0
BRF:29
BRH:0
end_of_record
TN:
SF:src\models\OutboxEvent.ts
FN:71,(anonymous_9)
FN:77,(anonymous_10)
FN:90,(anonymous_11)
FNF:3
FNH:0
FNDA:0,(anonymous_9)
FNDA:0,(anonymous_10)
FNDA:0,(anonymous_11)
DA:1,0
DA:21,0
DA:68,0
DA:71,0
DA:72,0
DA:77,0
DA:78,0
DA:90,0
DA:94,0
DA:104,0
DA:106,0
LF:11
LH:0
BRDA:71,0,0,0
BRF:1
BRH:0
end_of_record
TN:
SF:src\models\ProcessedEvent.ts
FNF:0
FNH:0
DA:1,0
DA:10,0
DA:19,0
DA:21,0
DA:23,0
LF:5
LH:0
BRF:0
BRH:0
end_of_record
TN:
SF:src\models\UserPreferences.ts
FN:231,(anonymous_9)
FN:252,(anonymous_10)
FN:260,(anonymous_11)
FN:268,(anonymous_12)
FN:292,(anonymous_13)
FN:315,(anonymous_14)
FN:333,(anonymous_15)
FN:344,(anonymous_16)
FNF:8
FNH:0
FNDA:0,(anonymous_9)
FNDA:0,(anonymous_10)
FNDA:0,(anonymous_11)
FNDA:0,(anonymous_12)
FNDA:0,(anonymous_13)
FNDA:0,(anonymous_14)
FNDA:0,(anonymous_15)
FNDA:0,(anonymous_16)
DA:1,0
DA:78,0
DA:227,0
DA:228,0
DA:231,0
DA:235,0
DA:236,0
DA:245,0
DA:246,0
DA:247,0
DA:249,0
DA:252,0
DA:253,0
DA:254,0
DA:255,0
DA:257,0
DA:260,0
DA:261,0
DA:262,0
DA:263,0
DA:265,0
DA:268,0
DA:269,0
DA:270,0
DA:273,0
DA:274,0
DA:281,0
DA:282,0
DA:285,0
DA:286,0
DA:289,0
DA:292,0
DA:299,0
DA:300,0
DA:304,0
DA:305,0
DA:309,0
DA:310,0
DA:314,0
DA:315,0
DA:316,0
DA:319,0
DA:320,0
DA:324,0
DA:325,0
DA:326,0
DA:329,0
DA:333,0
DA:334,0
DA:336,0
DA:337,0
DA:338,0
DA:341,0
DA:344,0
DA:345,0
DA:354,0
DA:356,0
LF:57
LH:0
BRDA:235,0,0,0
BRDA:253,1,0,0
BRDA:261,2,0,0
BRDA:269,3,0,0
BRDA:273,4,0,0
BRDA:273,4,1,0
BRDA:285,5,0,0
BRDA:286,6,0,0
BRDA:286,6,1,0
BRDA:289,7,0,0
BRDA:289,7,1,0
BRDA:299,8,0,0
BRDA:304,9,0,0
BRDA:304,10,0,0
BRDA:304,10,1,0
BRDA:309,11,0,0
BRDA:319,12,0,0
BRDA:325,13,0,0
BRDA:325,14,0,0
BRDA:325,14,1,0
BRDA:336,15,0,0
BRF:21
BRH:0
end_of_record
TN:
SF:src\scripts\loadTest.ts
FN:47,(anonymous_0)
FN:71,(anonymous_1)
FN:93,(anonymous_2)
FN:137,(anonymous_3)
FN:154,(anonymous_4)
FN:183,(anonymous_5)
FN:199,(anonymous_6)
FN:210,(anonymous_7)
FN:227,(anonymous_8)
FN:230,(anonymous_9)
FN:238,(anonymous_10)
FN:240,(anonymous_11)
FN:269,(anonymous_12)
FN:273,(anonymous_13)
FN:291,main
FN:321,(anonymous_15)
FNF:16
FNH:0
FNDA:0,(anonymous_0)
FNDA:0,(anonymous_1)
FNDA:0,(anonymous_2)
FNDA:0,(anonymous_3)
FNDA:0,(anonymous_4)
FNDA:0,(anonymous_5)
FNDA:0,(anonymous_6)
FNDA:0,(anonymous_7)
FNDA:0,(anonymous_8)
FNDA:0,(anonymous_9)
FNDA:0,(anonymous_10)
FNDA:0,(anonymous_11)
FNDA:0,(anonymous_12)
FNDA:0,(anonymous_13)
FNDA:0,main
FNDA:0,(anonymous_15)
DA:13,0
DA:37,0
DA:48,0
DA:57,0
DA:65,0
DA:72,0
DA:73,0
DA:75,0
DA:94,0
DA:96,0
DA:97,0
DA:99,0
DA:111,0
DA:112,0
DA:115,0
DA:116,0
DA:117,0
DA:119,0
DA:121,0
DA:123,0
DA:124,0
DA:125,0
DA:127,0
DA:129,0
DA:138,0
DA:141,0
DA:143,0
DA:145,0
DA:148,0
DA:155,0
DA:156,0
DA:157,0
DA:158,0
DA:159,0
DA:161,0
DA:162,0
DA:165,0
DA:166,0
DA:168,0
DA:169,0
DA:170,0
DA:171,0
DA:174,0
DA:176,0
DA:178,0
DA:181,0
DA:182,0
DA:183,0
DA:186,0
DA:190,0
DA:193,0
DA:194,0
DA:195,0
DA:199,0
DA:202,0
DA:204,0
DA:211,0
DA:212,0
DA:213,0
DA:215,0
DA:228,0
DA:230,0
DA:231,0
DA:232,0
DA:239,0
DA:240,0
DA:243,0
DA:244,0
DA:246,0
DA:260,0
DA:261,0
DA:263,0
DA:270,0
DA:273,0
DA:274,0
DA:275,0
DA:276,0
DA:277,0
DA:281,0
DA:282,0
DA:283,0
DA:292,0
DA:293,0
DA:295,0
DA:301,0
DA:303,0
DA:304,0
DA:306,0
DA:309,0
DA:310,0
DA:311,0
DA:314,0
DA:315,0
DA:320,0
DA:321,0
DA:322,0
DA:323,0
DA:327,0
LF:98
LH:0
BRDA:49,0,0,0
BRDA:49,0,1,0
BRDA:50,1,0,0
BRDA:50,1,1,0
BRDA:51,2,0,0
BRDA:51,2,1,0
BRDA:52,3,0,0
BRDA:52,3,1,0
BRDA:52,3,2,0
BRDA:53,4,0,0
BRDA:53,4,1,0
BRDA:54,5,0,0
BRDA:54,5,1,0
BRDA:80,6,0,0
BRDA:80,6,1,0
BRDA:111,7,0,0
BRDA:123,8,0,0
BRDA:123,8,1,0
BRDA:123,8,2,0
BRDA:124,9,0,0
BRDA:124,9,1,0
BRDA:143,10,0,0
BRDA:143,11,0,0
BRDA:143,11,1,0
BRDA:181,12,0,0
BRDA:193,13,0,0
BRDA:228,14,0,0
BRDA:232,15,0,0
BRDA:232,15,1,0
BRDA:239,16,0,0
BRDA:239,16,1,0
BRDA:293,17,0,0
BRDA:293,17,1,0
BRDA:296,18,0,0
BRDA:296,18,1,0
BRDA:297,19,0,0
BRDA:297,19,1,0
BRDA:298,20,0,0
BRDA:298,20,1,0
BRDA:303,21,0,0
BRDA:303,21,1,0
BRDA:309,22,0,0
BRDA:320,23,0,0
BRF:43
BRH:0
end_of_record
TN:
SF:src\services\ArchivingService.ts
FN:40,(anonymous_1)
FN:66,(anonymous_2)
FN:119,(anonymous_3)
FN:157,(anonymous_4)
FN:185,(anonymous_5)
FN:224,(anonymous_6)
FN:252,(anonymous_7)
FN:304,(anonymous_8)
FNF:8
FNH:0
FNDA:0,(anonymous_1)
FNDA:0,(anonymous_2)
FNDA:0,(anonymous_3)
FNDA:0,(anonymous_4)
FNDA:0,(anonymous_5)
FNDA:0,(anonymous_6)
FNDA:0,(anonymous_7)
FNDA:0,(anonymous_8)
DA:1,0
DA:2,0
DA:3,0
DA:4,0
DA:32,0
DA:34,0
DA:41,0
DA:50,0
DA:56,0
DA:67,0
DA:68,0
DA:69,0
DA:78,0
DA:79,0
DA:80,0
DA:88,0
DA:89,0
DA:92,0
DA:93,0
DA:94,0
DA:95,0
DA:98,0
DA:99,0
DA:100,0
DA:101,0
DA:103,0
DA:105,0
DA:107,0
DA:109,0
DA:110,0
DA:112,0
DA:120,0
DA:121,0
DA:123,0
DA:125,0
DA:126,0
DA:127,0
DA:129,0
DA:130,0
DA:132,0
DA:138,0
DA:139,0
DA:142,0
DA:144,0
DA:145,0
DA:146,0
DA:147,0
DA:151,0
DA:152,0
DA:153,0
DA:156,0
DA:157,0
DA:158,0
DA:159,0
DA:162,0
DA:164,0
DA:165,0
DA:169,0
DA:170,0
DA:171,0
DA:175,0
DA:177,0
DA:178,0
DA:186,0
DA:187,0
DA:189,0
DA:191,0
DA:192,0
DA:193,0
DA:195,0
DA:196,0
DA:198,0
DA:205,0
DA:206,0
DA:209,0
DA:211,0
DA:212,0
DA:213,0
DA:214,0
DA:218,0
DA:219,0
DA:220,0
DA:223,0
DA:224,0
DA:225,0
DA:226,0
DA:229,0
DA:231,0
DA:232,0
DA:236,0
DA:237,0
DA:238,0
DA:242,0
DA:244,0
DA:245,0
DA:257,0
DA:263,0
DA:271,0
DA:276,0
DA:281,0
DA:296,0
DA:297,0
DA:305,0
DA:306,0
DA:308,0
DA:309,0
DA:310,0
DA:313,0
DA:314,0
DA:316,0
DA:317,0
DA:319,0
DA:320,0
DA:326,0
LF:114
LH:0
BRDA:42,0,0,0
BRDA:42,0,1,0
BRDA:43,1,0,0
BRDA:43,1,1,0
BRDA:44,2,0,0
BRDA:44,2,1,0
BRDA:46,3,0,0
BRDA:46,3,1,0
BRDA:67,4,0,0
BRDA:138,5,0,0
BRDA:144,6,0,0
BRDA:156,7,0,0
BRDA:169,8,0,0
BRDA:205,9,0,0
BRDA:211,10,0,0
BRDA:223,11,0,0
BRDA:236,12,0,0
BRDA:291,13,0,0
BRDA:291,13,1,0
BRDA:292,14,0,0
BRDA:292,14,1,0
BRDA:308,15,0,0
BRF:22
BRH:0
end_of_record
TN:
SF:src\services\CircuitBreakerService.ts
FN:10,(anonymous_0)
FN:57,(anonymous_1)
FN:67,(anonymous_2)
FN:93,(anonymous_3)
FN:110,(anonymous_4)
FN:127,(anonymous_5)
FN:134,(anonymous_6)
FN:145,(anonymous_7)
FN:146,(anonymous_8)
FN:164,(anonymous_9)
FN:172,(anonymous_10)
FN:184,(anonymous_11)
FN:186,(anonymous_12)
FN:192,(anonymous_13)
FN:213,(anonymous_14)
FN:247,(anonymous_15)
FN:257,(anonymous_16)
FN:266,(anonymous_17)
FN:274,(anonymous_18)
FN:275,(anonymous_19)
FN:290,(anonymous_20)
FN:325,(anonymous_21)
FNF:22
FNH:0
FNDA:0,(anonymous_0)
FNDA:0,(anonymous_1)
FNDA:0,(anonymous_2)
FNDA:0,(anonymous_3)
FNDA:0,(anonymous_4)
FNDA:0,(anonymous_5)
FNDA:0,(anonymous_6)
FNDA:0,(anonymous_7)
FNDA:0,(anonymous_8)
FNDA:0,(anonymous_9)
FNDA:0,(anonymous_10)
FNDA:0,(anonymous_11)
FNDA:0,(anonymous_12)
FNDA:0,(anonymous_13)
FNDA:0,(anonymous_14)
FNDA:0,(anonymous_15)
FNDA:0,(anonymous_16)
FNDA:0,(anonymous_17)
FNDA:0,(anonymous_18)
FNDA:0,(anonymous_19)
FNDA:0,(anonymous_20)
FNDA:0,(anonymous_21)
DA:1,0
DA:2,0
DA:10,0
DA:11,0
DA:12,0
DA:13,0
DA:49,0
DA:50,0
DA:51,0
DA:52,0
DA:53,0
DA:54,0
DA:55,0
DA:58,0
DA:59,0
DA:61,0
DA:68,0
DA:69,0
DA:71,0
DA:73,0
DA:76,0
DA:79,0
DA:80,0
DA:81,0
DA:83,0
DA:86,0
DA:94,0
DA:99,0
DA:100,0
DA:101,0
DA:104,0
DA:111,0
DA:116,0
DA:118,0
DA:121,0
DA:128,0
DA:143,0
DA:145,0
DA:146,0
DA:147,0
DA:148,0
DA:150,0
DA:165,0
DA:166,0
DA:173,0
DA:174,0
DA:175,0
DA:176,0
DA:177,0
DA:178,0
DA:185,0
DA:186,0
DA:193,0
DA:195,0
DA:197,0
DA:198,0
DA:201,0
DA:202,0
DA:206,0
DA:214,0
DA:217,0
DA:218,0
DA:219,0
DA:223,0
DA:224,0
DA:226,0
DA:227,0
DA:233,0
DA:234,0
DA:235,0
DA:240,0
DA:248,0
DA:249,0
DA:250,0
DA:258,0
DA:259,0
DA:272,0
DA:274,0
DA:275,0
DA:276,0
DA:277,0
DA:279,0
DA:291,0
DA:292,0
DA:293,0
DA:296,0
DA:297,0
DA:300,0
DA:301,0
DA:302,0
DA:303,0
DA:304,0
DA:307,0
DA:313,0
DA:319,0
DA:326,0
DA:328,0
DA:333,0
DA:337,0
DA:341,0
DA:345,0
DA:354,0
DA:367,0
DA:372,0
LF:104
LH:0
BRDA:10,0,0,0
BRDA:10,0,1,0
BRDA:71,1,0,0
BRDA:71,1,1,0
BRDA:71,1,2,0
BRDA:71,1,3,0
BRDA:79,2,0,0
BRDA:99,3,0,0
BRDA:116,4,0,0
BRDA:148,5,0,0
BRDA:148,5,1,0
BRDA:195,6,0,0
BRDA:195,6,1,0
BRDA:195,6,2,0
BRDA:217,7,0,0
BRDA:223,8,0,0
BRDA:223,8,1,0
BRDA:224,9,0,0
BRDA:224,9,1,0
BRDA:234,10,0,0
BRDA:249,11,0,0
BRDA:258,12,0,0
BRDA:277,13,0,0
BRDA:277,13,1,0
BRDA:292,14,0,0
BRDA:300,15,0,0
BRDA:300,15,1,0
BRDA:303,16,0,0
BRF:28
BRH:0
end_of_record
TN:
SF:src\services\CleanupService.ts
FN:8,(anonymous_10)
FN:12,(anonymous_11)
FN:32,(anonymous_12)
FN:44,(anonymous_13)
FN:51,(anonymous_14)
FN:67,(anonymous_15)
FN:75,(anonymous_16)
FN:92,(anonymous_17)
FN:94,(anonymous_18)
FN:106,(anonymous_19)
FN:108,(anonymous_20)
FN:120,(anonymous_21)
FN:122,(anonymous_22)
FN:134,(anonymous_23)
FN:164,(anonymous_24)
FN:219,(anonymous_25)
FN:226,(anonymous_26)
FN:226,(anonymous_27)
FN:291,(anonymous_28)
FN:327,(anonymous_29)
FN:327,(anonymous_30)
FN:353,(anonymous_31)
FN:365,(anonymous_32)
FNF:23
FNH:0
FNDA:0,(anonymous_10)
FNDA:0,(anonymous_11)
FNDA:0,(anonymous_12)
FNDA:0,(anonymous_13)
FNDA:0,(anonymous_14)
FNDA:0,(anonymous_15)
FNDA:0,(anonymous_16)
FNDA:0,(anonymous_17)
FNDA:0,(anonymous_18)
FNDA:0,(anonymous_19)
FNDA:0,(anonymous_20)
FNDA:0,(anonymous_21)
FNDA:0,(anonymous_22)
FNDA:0,(anonymous_23)
FNDA:0,(anonymous_24)
FNDA:0,(anonymous_25)
FNDA:0,(anonymous_26)
FNDA:0,(anonymous_27)
FNDA:0,(anonymous_28)
FNDA:0,(anonymous_29)
FNDA:0,(anonymous_30)
FNDA:0,(anonymous_31)
FNDA:0,(anonymous_32)
DA:1,0
DA:2,0
DA:3,0
DA:4,0
DA:5,0
DA:8,0
DA:9,0
DA:10,0
DA:13,0
DA:14,0
DA:15,0
DA:16,0
DA:17,0
DA:18,0
DA:19,0
DA:20,0
DA:26,0
DA:27,0
DA:28,0
DA:29,0
DA:30,0
DA:31,0
DA:32,0
DA:34,0
DA:38,0
DA:39,0
DA:45,0
DA:46,0
DA:47,0
DA:48,0
DA:52,0
DA:53,0
DA:54,0
DA:55,0
DA:56,0
DA:62,0
DA:63,0
DA:64,0
DA:65,0
DA:66,0
DA:67,0
DA:69,0
DA:76,0
DA:78,0
DA:80,0
DA:81,0
DA:82,0
DA:84,0
DA:85,0
DA:87,0
DA:88,0
DA:94,0
DA:95,0
DA:101,0
DA:102,0
DA:103,0
DA:108,0
DA:109,0
DA:115,0
DA:116,0
DA:117,0
DA:122,0
DA:123,0
DA:129,0
DA:130,0
DA:131,0
DA:135,0
DA:136,0
DA:138,0
DA:139,0
DA:141,0
DA:144,0
DA:155,0
DA:156,0
DA:160,0
DA:165,0
DA:166,0
DA:168,0
DA:169,0
DA:170,0
DA:173,0
DA:178,0
DA:181,0
DA:195,0
DA:196,0
DA:200,0
DA:210,0
DA:211,0
DA:215,0
DA:220,0
DA:221,0
DA:226,0
DA:228,0
DA:229,0
DA:230,0
DA:234,0
DA:235,0
DA:237,0
DA:238,0
DA:239,0
DA:242,0
DA:243,0
DA:244,0
DA:245,0
DA:246,0
DA:247,0
DA:250,0
DA:251,0
DA:252,0
DA:258,0
DA:262,0
DA:263,0
DA:267,0
DA:268,0
DA:270,0
DA:271,0
DA:272,0
DA:273,0
DA:274,0
DA:275,0
DA:278,0
DA:282,0
DA:283,0
DA:287,0
DA:297,0
DA:298,0
DA:299,0
DA:301,0
DA:302,0
DA:304,0
DA:305,0
DA:307,0
DA:325,0
DA:326,0
DA:327,0
DA:328,0
DA:329,0
DA:330,0
DA:333,0
DA:336,0
DA:343,0
DA:344,0
DA:354,0
DA:356,0
DA:362,0
DA:366,0
DA:368,0
DA:369,0
DA:370,0
DA:373,0
DA:374,0
DA:376,0
DA:378,0
DA:379,0
LF:154
LH:0
BRDA:26,0,0,0
BRDA:26,0,1,0
BRDA:26,1,0,0
BRDA:26,1,1,0
BRDA:30,2,0,0
BRDA:30,2,1,0
BRDA:38,3,0,0
BRDA:38,4,0,0
BRDA:38,4,1,0
BRDA:62,5,0,0
BRDA:62,5,1,0
BRDA:62,6,0,0
BRDA:62,6,1,0
BRDA:65,7,0,0
BRDA:65,7,1,0
BRDA:76,8,0,0
BRDA:138,9,0,0
BRDA:138,9,1,0
BRDA:155,10,0,0
BRDA:168,11,0,0
BRDA:168,11,1,0
BRDA:195,12,0,0
BRDA:210,13,0,0
BRDA:228,14,0,0
BRDA:242,15,0,0
BRDA:244,16,0,0
BRDA:246,17,0,0
BRDA:246,17,1,0
BRDA:250,18,0,0
BRDA:262,19,0,0
BRDA:273,20,0,0
BRDA:282,21,0,0
BRDA:298,22,0,0
BRDA:298,22,1,0
BRDA:299,23,0,0
BRDA:299,23,1,0
BRDA:328,24,0,0
BRF:37
BRH:0
end_of_record
TN:
SF:src\services\DeliveryWorkerService.ts
FN:21,getBackoff
FN:27,(anonymous_2)
FN:30,(anonymous_3)
FN:43,(anonymous_4)
FN:48,(anonymous_5)
FN:119,(anonymous_6)
FN:148,(anonymous_7)
FN:150,(anonymous_8)
FN:199,(anonymous_9)
FN:219,(anonymous_10)
FN:220,(anonymous_11)
FN:222,(anonymous_12)
FN:223,(anonymous_13)
FNF:13
FNH:0
FNDA:0,getBackoff
FNDA:0,(anonymous_2)
FNDA:0,(anonymous_3)
FNDA:0,(anonymous_4)
FNDA:0,(anonymous_5)
FNDA:0,(anonymous_6)
FNDA:0,(anonymous_7)
FNDA:0,(anonymous_8)
FNDA:0,(anonymous_9)
FNDA:0,(anonymous_10)
FNDA:0,(anonymous_11)
FNDA:0,(anonymous_12)
FNDA:0,(anonymous_13)
DA:2,0
DA:3,0
DA:4,0
DA:5,0
DA:6,0
DA:7,0
DA:8,0
DA:9,0
DA:14,0
DA:16,0
DA:17,0
DA:18,0
DA:19,0
DA:22,0
DA:23,0
DA:24,0
DA:27,0
DA:28,0
DA:31,0
DA:32,0
DA:33,0
DA:34,0
DA:35,0
DA:37,0
DA:39,0
DA:44,0
DA:45,0
DA:49,0
DA:50,0
DA:51,0
DA:52,0
DA:55,0
DA:56,0
DA:57,0
DA:59,0
DA:60,0
DA:61,0
DA:63,0
DA:64,0
DA:68,0
DA:69,0
DA:70,0
DA:71,0
DA:75,0
DA:76,0
DA:78,0
DA:84,0
DA:86,0
DA:87,0
DA:96,0
DA:97,0
DA:99,0
DA:104,0
DA:105,0
DA:106,0
DA:107,0
DA:111,0
DA:112,0
DA:115,0
DA:116,0
DA:120,0
DA:123,0
DA:124,0
DA:129,0
DA:130,0
DA:131,0
DA:136,0
DA:140,0
DA:148,0
DA:149,0
DA:150,0
DA:151,0
DA:152,0
DA:153,0
DA:154,0
DA:158,0
DA:159,0
DA:160,0
DA:161,0
DA:162,0
DA:163,0
DA:164,0
DA:165,0
DA:166,0
DA:167,0
DA:168,0
DA:171,0
DA:172,0
DA:176,0
DA:177,0
DA:179,0
DA:183,0
DA:185,0
DA:186,0
DA:190,0
DA:191,0
DA:193,0
DA:196,0
DA:200,0
DA:203,0
DA:204,0
DA:209,0
DA:210,0
DA:211,0
DA:216,0
DA:219,0
DA:220,0
DA:221,0
DA:222,0
DA:223,0
DA:224,0
DA:225,0
DA:234,0
DA:235,0
DA:236,0
DA:237,0
DA:238,0
DA:239,0
DA:240,0
DA:241,0
DA:242,0
DA:243,0
DA:244,0
DA:247,0
DA:248,0
DA:252,0
DA:253,0
DA:255,0
LF:128
LH:0
BRDA:51,0,0,0
BRDA:61,1,0,0
BRDA:69,2,0,0
BRDA:76,3,0,0
BRDA:84,4,0,0
BRDA:84,4,1,0
BRDA:104,5,0,0
BRDA:104,5,1,0
BRDA:106,6,0,0
BRDA:111,7,0,0
BRDA:120,8,0,0
BRDA:123,9,0,0
BRDA:142,10,0,0
BRDA:142,10,1,0
BRDA:143,11,0,0
BRDA:143,11,1,0
BRDA:144,12,0,0
BRDA:144,12,1,0
BRDA:155,13,0,0
BRDA:155,13,1,0
BRDA:156,14,0,0
BRDA:156,14,1,0
BRDA:158,15,0,0
BRDA:158,15,1,0
BRDA:159,16,0,0
BRDA:159,16,1,0
BRDA:162,17,0,0
BRDA:162,17,1,0
BRDA:162,18,0,0
BRDA:162,18,1,0
BRDA:164,19,0,0
BRDA:164,20,0,0
BRDA:164,20,1,0
BRDA:165,21,0,0
BRDA:165,21,1,0
BRDA:166,22,0,0
BRDA:166,22,1,0
BRDA:166,23,0,0
BRDA:166,23,1,0
BRDA:176,24,0,0
BRDA:187,25,0,0
BRDA:187,25,1,0
BRDA:190,26,0,0
BRDA:200,27,0,0
BRDA:203,28,0,0
BRDA:228,29,0,0
BRDA:228,29,1,0
BRDA:229,30,0,0
BRDA:229,30,1,0
BRDA:231,31,0,0
BRDA:231,31,1,0
BRDA:238,32,0,0
BRDA:238,32,1,0
BRDA:238,33,0,0
BRDA:238,33,1,0
BRDA:240,34,0,0
BRDA:241,35,0,0
BRDA:241,35,1,0
BRDA:242,36,0,0
BRDA:242,36,1,0
BRDA:242,37,0,0
BRDA:242,37,1,0
BRDA:252,38,0,0
BRF:63
BRH:0
end_of_record
TN:
SF:src\services\DeliveryWorkerService.v2.ts
FN:45,(anonymous_1)
FN:74,(anonymous_2)
FN:102,(anonymous_3)
FN:134,(anonymous_4)
FN:135,(anonymous_5)
FN:153,(anonymous_6)
FN:185,(anonymous_7)
FN:256,(anonymous_8)
FN:316,(anonymous_9)
FN:317,(anonymous_10)
FN:380,(anonymous_11)
FN:431,(anonymous_12)
FN:455,(anonymous_13)
FNF:13
FNH:0
FNDA:0,(anonymous_1)
FNDA:0,(anonymous_2)
FNDA:0,(anonymous_3)
FNDA:0,(anonymous_4)
FNDA:0,(anonymous_5)
FNDA:0,(anonymous_6)
FNDA:0,(anonymous_7)
FNDA:0,(anonymous_8)
FNDA:0,(anonymous_9)
FNDA:0,(anonymous_10)
FNDA:0,(anonymous_11)
FNDA:0,(anonymous_12)
FNDA:0,(anonymous_13)
DA:1,0
DA:2,0
DA:3,0
DA:4,0
DA:5,0
DA:6,0
DA:7,0
DA:36,0
DA:39,0
DA:41,0
DA:42,0
DA:46,0
DA:49,0
DA:50,0
DA:51,0
DA:52,0
DA:54,0
DA:63,0
DA:75,0
DA:76,0
DA:77,0
DA:80,0
DA:81,0
DA:83,0
DA:84,0
DA:85,0
DA:86,0
DA:88,0
DA:91,0
DA:94,0
DA:95,0
DA:103,0
DA:104,0
DA:107,0
DA:109,0
DA:111,0
DA:112,0
DA:113,0
DA:117,0
DA:119,0
DA:121,0
DA:135,0
DA:136,0
DA:137,0
DA:140,0
DA:141,0
DA:143,0
DA:147,0
DA:154,0
DA:156,0
DA:158,0
DA:159,0
DA:162,0
DA:165,0
DA:166,0
DA:167,0
DA:168,0
DA:170,0
DA:171,0
DA:172,0
DA:177,0
DA:186,0
DA:187,0
DA:189,0
DA:196,0
DA:233,0
DA:234,0
DA:238,0
DA:243,0
DA:245,0
DA:248,0
DA:249,0
DA:257,0
DA:259,0
DA:260,0
DA:263,0
DA:264,0
DA:269,0
DA:270,0
DA:273,0
DA:285,0
DA:290,0
DA:295,0
DA:296,0
DA:299,0
DA:312,0
DA:316,0
DA:317,0
DA:319,0
DA:320,0
DA:323,0
DA:324,0
DA:331,0
DA:332,0
DA:336,0
DA:337,0
DA:344,0
DA:345,0
DA:349,0
DA:351,0
DA:365,0
DA:372,0
DA:373,0
DA:381,0
DA:382,0
DA:384,0
DA:385,0
DA:387,0
DA:401,0
DA:404,0
DA:406,0
DA:421,0
DA:424,0
DA:432,0
DA:433,0
DA:444,0
DA:445,0
DA:448,0
DA:463,0
DA:464,0
DA:465,0
DA:469,0
LF:122
LH:0
BRDA:55,0,0,0
BRDA:55,0,1,0
BRDA:56,1,0,0
BRDA:56,1,1,0
BRDA:56,2,0,0
BRDA:56,2,1,0
BRDA:57,3,0,0
BRDA:57,3,1,0
BRDA:58,4,0,0
BRDA:58,4,1,0
BRDA:59,5,0,0
BRDA:59,5,1,0
BRDA:60,6,0,0
BRDA:60,6,1,0
BRDA:75,7,0,0
BRDA:103,8,0,0
BRDA:111,9,0,0
BRDA:119,10,0,0
BRDA:119,10,1,0
BRDA:125,11,0,0
BRDA:125,11,1,0
BRDA:136,12,0,0
BRDA:158,13,0,0
BRDA:233,14,0,0
BRDA:263,15,0,0
BRDA:269,16,0,0
BRDA:295,17,0,0
BRDA:323,18,0,0
BRDA:327,19,0,0
BRDA:327,19,1,0
BRDA:328,20,0,0
BRDA:328,20,1,0
BRDA:336,21,0,0
BRDA:340,22,0,0
BRDA:340,22,1,0
BRDA:341,23,0,0
BRDA:341,23,1,0
BRDA:349,24,0,0
BRDA:349,24,1,0
BRDA:382,25,0,0
BRDA:382,25,1,0
BRDA:385,26,0,0
BRDA:385,26,1,0
BRDA:444,27,0,0
BRDA:463,28,0,0
BRDA:463,28,1,0
BRDA:465,29,0,0
BRDA:465,29,1,0
BRF:48
BRH:0
end_of_record
TN:
SF:src\services\EventConsumerService.ts
FN:22,(anonymous_1)
FN:26,(anonymous_2)
FN:43,(anonymous_3)
FN:49,(anonymous_4)
FN:77,(anonymous_5)
FN:88,(anonymous_6)
FNF:6
FNH:0
FNDA:0,(anonymous_1)
FNDA:0,(anonymous_2)
FNDA:0,(anonymous_3)
FNDA:0,(anonymous_4)
FNDA:0,(anonymous_5)
FNDA:0,(anonymous_6)
DA:1,0
DA:6,0
DA:7,0
DA:10,0
DA:18,0
DA:19,0
DA:23,0
DA:27,0
DA:28,0
DA:29,0
DA:30,0
DA:31,0
DA:32,0
DA:34,0
DA:35,0
DA:36,0
DA:37,0
DA:38,0
DA:39,0
DA:41,0
DA:42,0
DA:43,0
DA:44,0
DA:50,0
DA:51,0
DA:52,0
DA:53,0
DA:54,0
DA:55,0
DA:56,0
DA:57,0
DA:58,0
DA:61,0
DA:65,0
DA:66,0
DA:68,0
DA:73,0
DA:78,0
DA:79,0
DA:80,0
DA:81,0
DA:82,0
DA:83,0
DA:85,0
DA:89,0
DA:90,0
DA:91,0
DA:92,0
DA:93,0
DA:94,0
DA:96,0
LF:51
LH:0
BRDA:26,0,0,0
BRDA:50,1,0,0
BRDA:55,2,0,0
BRDA:71,3,0,0
BRDA:71,3,1,0
BRDA:71,4,0,0
BRDA:71,4,1,0
BRDA:78,5,0,0
BRDA:78,5,1,0
BRDA:79,6,0,0
BRDA:79,6,1,0
BRDA:80,7,0,0
BRDA:80,7,1,0
BRDA:81,8,0,0
BRDA:81,8,1,0
BRDA:82,9,0,0
BRDA:89,10,0,0
BRDA:89,10,1,0
BRDA:90,11,0,0
BRDA:90,11,1,0
BRDA:91,12,0,0
BRDA:91,12,1,0
BRDA:92,13,0,0
BRDA:92,13,1,0
BRDA:92,14,0,0
BRDA:92,14,1,0
BRDA:93,15,0,0
BRDA:94,16,0,0
BRDA:94,16,1,0
BRDA:94,17,0,0
BRDA:94,17,1,0
BRF:31
BRH:0
end_of_record
TN:
SF:src\services\EventHandlerService.ts
FN:26,(anonymous_10)
FN:30,(anonymous_11)
FN:45,(anonymous_12)
FN:48,(anonymous_13)
FN:59,(anonymous_14)
FN:106,(anonymous_15)
FN:133,(anonymous_16)
FN:191,(anonymous_17)
FN:247,(anonymous_18)
FN:304,(anonymous_19)
FN:366,(anonymous_20)
FN:392,(anonymous_21)
FN:403,(anonymous_22)
FN:425,(anonymous_23)
FN:444,(anonymous_24)
FN:461,(anonymous_25)
FN:466,(anonymous_26)
FN:466,(anonymous_27)
FN:488,(anonymous_28)
FN:498,(anonymous_29)
FNF:20
FNH:0
FNDA:0,(anonymous_10)
FNDA:0,(anonymous_11)
FNDA:0,(anonymous_12)
FNDA:0,(anonymous_13)
FNDA:0,(anonymous_14)
FNDA:0,(anonymous_15)
FNDA:0,(anonymous_16)
FNDA:0,(anonymous_17)
FNDA:0,(anonymous_18)
FNDA:0,(anonymous_19)
FNDA:0,(anonymous_20)
FNDA:0,(anonymous_21)
FNDA:0,(anonymous_22)
FNDA:0,(anonymous_23)
FNDA:0,(anonymous_24)
FNDA:0,(anonymous_25)
FNDA:0,(anonymous_26)
FNDA:0,(anonymous_27)
FNDA:0,(anonymous_28)
FNDA:0,(anonymous_29)
DA:1,0
DA:2,0
DA:3,0
DA:4,0
DA:18,0
DA:19,0
DA:21,0
DA:23,0
DA:24,0
DA:27,0
DA:31,0
DA:33,0
DA:34,0
DA:35,0
DA:37,0
DA:38,0
DA:40,0
DA:41,0
DA:46,0
DA:48,0
DA:49,0
DA:52,0
DA:54,0
DA:55,0
DA:60,0
DA:67,0
DA:69,0
DA:70,0
DA:72,0
DA:75,0
DA:76,0
DA:77,0
DA:81,0
DA:83,0
DA:85,0
DA:88,0
DA:90,0
DA:91,0
DA:93,0
DA:94,0
DA:97,0
DA:100,0
DA:101,0
DA:102,0
DA:107,0
DA:108,0
DA:109,0
DA:110,0
DA:111,0
DA:112,0
DA:113,0
DA:114,0
DA:115,0
DA:117,0
DA:125,0
DA:134,0
DA:135,0
DA:138,0
DA:139,0
DA:140,0
DA:149,0
DA:171,0
DA:173,0
DA:182,0
DA:192,0
DA:193,0
DA:196,0
DA:197,0
DA:198,0
DA:207,0
DA:227,0
DA:229,0
DA:238,0
DA:248,0
DA:249,0
DA:252,0
DA:253,0
DA:254,0
DA:263,0
DA:284,0
DA:286,0
DA:295,0
DA:305,0
DA:306,0
DA:308,0
DA:309,0
DA:310,0
DA:318,0
DA:340,0
DA:342,0
DA:351,0
DA:367,0
DA:368,0
DA:370,0
DA:372,0
DA:376,0
DA:377,0
DA:378,0
DA:379,0
DA:380,0
DA:384,0
DA:386,0
DA:388,0
DA:393,0
DA:395,0
DA:396,0
DA:398,0
DA:399,0
DA:404,0
DA:405,0
DA:412,0
DA:419,0
DA:421,0
DA:426,0
DA:427,0
DA:437,0
DA:439,0
DA:445,0
DA:447,0
DA:448,0
DA:449,0
DA:451,0
DA:465,0
DA:466,0
DA:468,0
DA:469,0
DA:472,0
DA:473,0
DA:475,0
DA:476,0
DA:477,0
DA:478,0
DA:479,0
DA:482,0
DA:486,0
DA:489,0
DA:493,0
DA:494,0
DA:499,0
DA:500,0
DA:501,0
DA:502,0
DA:504,0
DA:506,0
DA:507,0
LF:145
LH:0
BRDA:31,0,0,0
BRDA:61,1,0,0
BRDA:61,1,1,0
BRDA:64,2,0,0
BRDA:64,2,1,0
BRDA:75,3,0,0
BRDA:83,4,0,0
BRDA:83,4,1,0
BRDA:94,5,0,0
BRDA:94,5,1,0
BRDA:101,6,0,0
BRDA:101,6,1,0
BRDA:108,7,0,0
BRDA:108,7,1,0
BRDA:110,8,0,0
BRDA:110,8,1,0
BRDA:112,9,0,0
BRDA:112,9,1,0
BRDA:114,10,0,0
BRDA:114,10,1,0
BRDA:119,11,0,0
BRDA:119,11,1,0
BRDA:127,12,0,0
BRDA:127,12,1,0
BRDA:128,13,0,0
BRDA:128,13,1,0
BRDA:128,14,0,0
BRDA:128,14,1,0
BRDA:139,15,0,0
BRDA:177,16,0,0
BRDA:177,16,1,0
BRDA:177,17,0,0
BRDA:177,17,1,0
BRDA:185,18,0,0
BRDA:185,18,1,0
BRDA:197,19,0,0
BRDA:233,20,0,0
BRDA:233,20,1,0
BRDA:233,21,0,0
BRDA:233,21,1,0
BRDA:240,22,0,0
BRDA:240,22,1,0
BRDA:241,23,0,0
BRDA:241,23,1,0
BRDA:241,24,0,0
BRDA:241,24,1,0
BRDA:253,25,0,0
BRDA:290,26,0,0
BRDA:290,26,1,0
BRDA:290,27,0,0
BRDA:290,27,1,0
BRDA:298,28,0,0
BRDA:298,28,1,0
BRDA:309,29,0,0
BRDA:346,30,0,0
BRDA:346,30,1,0
BRDA:346,31,0,0
BRDA:346,31,1,0
BRDA:354,32,0,0
BRDA:354,32,1,0
BRDA:370,33,0,0
BRDA:376,34,0,0
BRDA:376,35,0,0
BRDA:376,35,1,0
BRDA:378,36,0,0
BRDA:454,37,0,0
BRDA:454,37,1,0
BRDA:468,38,0,0
BRDA:478,39,0,0
BRF:69
BRH:0
end_of_record
TN:
SF:src\services\EventPublisherService.ts
FN:22,(anonymous_1)
FN:27,(anonymous_2)
FN:38,(anonymous_3)
FN:88,(anonymous_4)
FNF:4
FNH:0
FNDA:0,(anonymous_1)
FNDA:0,(anonymous_2)
FNDA:0,(anonymous_3)
FNDA:0,(anonymous_4)
DA:1,0
DA:2,0
DA:3,0
DA:4,0
DA:17,0
DA:18,0
DA:23,0
DA:24,0
DA:28,0
DA:29,0
DA:30,0
DA:31,0
DA:42,0
DA:43,0
DA:45,0
DA:51,0
DA:53,0
DA:64,0
DA:65,0
DA:67,0
DA:70,0
DA:77,0
DA:79,0
DA:80,0
DA:89,0
DA:90,0
DA:93,0
DA:95,0
DA:96,0
DA:102,0
DA:103,0
DA:109,0
DA:116,0
DA:118,0
DA:124,0
LF:35
LH:0
BRDA:22,0,0,0
BRDA:22,1,0,0
BRDA:42,2,0,0
BRDA:42,2,1,0
BRDA:64,3,0,0
BRDA:64,3,1,0
BRDA:89,4,0,0
BRDA:93,5,0,0
BRDA:95,6,0,0
BRDA:95,6,1,0
BRF:10
BRH:0
end_of_record
TN:
SF:src\services\FanoutService.ts
FN:38,(anonymous_1)
FN:50,(anonymous_2)
FN:84,(anonymous_3)
FN:105,(anonymous_4)
FN:141,(anonymous_5)
FN:179,(anonymous_6)
FN:213,(anonymous_7)
FN:245,(anonymous_8)
FN:266,(anonymous_9)
FN:286,(anonymous_10)
FN:303,(anonymous_11)
FN:318,(anonymous_12)
FNF:12
FNH:0
FNDA:0,(anonymous_1)
FNDA:0,(anonymous_2)
FNDA:0,(anonymous_3)
FNDA:0,(anonymous_4)
FNDA:0,(anonymous_5)
FNDA:0,(anonymous_6)
FNDA:0,(anonymous_7)
FNDA:0,(anonymous_8)
FNDA:0,(anonymous_9)
FNDA:0,(anonymous_10)
FNDA:0,(anonymous_11)
FNDA:0,(anonymous_12)
DA:1,0
DA:2,0
DA:3,0
DA:4,0
DA:35,0
DA:39,0
DA:51,0
DA:53,0
DA:54,0
DA:58,0
DA:59,0
DA:60,0
DA:64,0
DA:67,0
DA:73,0
DA:75,0
DA:77,0
DA:85,0
DA:86,0
DA:93,0
DA:94,0
DA:95,0
DA:97,0
DA:98,0
DA:106,0
DA:108,0
DA:109,0
DA:111,0
DA:112,0
DA:116,0
DA:124,0
DA:125,0
DA:126,0
DA:129,0
DA:131,0
DA:133,0
DA:134,0
DA:142,0
DA:144,0
DA:145,0
DA:147,0
DA:148,0
DA:149,0
DA:153,0
DA:154,0
DA:156,0
DA:161,0
DA:162,0
DA:164,0
DA:167,0
DA:169,0
DA:171,0
DA:172,0
DA:188,0
DA:189,0
DA:190,0
DA:193,0
DA:194,0
DA:195,0
DA:197,0
DA:198,0
DA:201,0
DA:209,0
DA:212,0
DA:215,0
DA:218,0
DA:221,0
DA:223,0
DA:230,0
DA:235,0
DA:244,0
DA:245,0
DA:248,0
DA:249,0
DA:251,0
DA:258,0
DA:259,0
DA:270,0
DA:271,0
DA:272,0
DA:275,0
DA:277,0
DA:279,0
DA:290,0
DA:291,0
DA:292,0
DA:293,0
DA:295,0
DA:296,0
DA:304,0
DA:305,0
DA:306,0
DA:308,0
DA:310,0
DA:311,0
DA:319,0
DA:321,0
DA:327,0
DA:330,0
DA:331,0
DA:332,0
DA:333,0
DA:335,0
DA:336,0
DA:340,0
DA:342,0
DA:343,0
DA:349,0
LF:108
LH:0
BRDA:40,0,0,0
BRDA:40,0,1,0
BRDA:41,1,0,0
BRDA:41,1,1,0
BRDA:42,2,0,0
BRDA:42,2,1,0
BRDA:43,3,0,0
BRDA:43,3,1,0
BRDA:43,3,2,0
BRDA:53,4,0,0
BRDA:59,5,0,0
BRDA:93,6,0,0
BRDA:95,7,0,0
BRDA:95,7,1,0
BRDA:111,8,0,0
BRDA:124,9,0,0
BRDA:126,10,0,0
BRDA:126,10,1,0
BRDA:129,11,0,0
BRDA:129,11,1,0
BRDA:147,12,0,0
BRDA:149,13,0,0
BRDA:149,13,1,0
BRDA:154,14,0,0
BRDA:154,14,1,0
BRDA:161,15,0,0
BRDA:164,16,0,0
BRDA:164,16,1,0
BRDA:181,17,0,0
BRDA:189,18,0,0
BRDA:189,18,1,0
BRDA:190,19,0,0
BRDA:190,19,1,0
BRDA:194,20,0,0
BRDA:197,21,0,0
BRDA:223,22,0,0
BRDA:223,22,1,0
BRDA:223,22,2,0
BRDA:223,22,3,0
BRDA:245,23,0,0
BRDA:245,23,1,0
BRDA:245,24,0,0
BRDA:245,24,1,0
BRDA:305,25,0,0
BRDA:335,26,0,0
BRDA:335,27,0,0
BRDA:335,27,1,0
BRF:47
BRH:0
end_of_record
TN:
SF:src\services\HighFollowerEventService.ts
FN:48,(anonymous_1)
FN:55,(anonymous_2)
FN:62,(anonymous_3)
FN:157,(anonymous_4)
FN:200,(anonymous_5)
FN:222,(anonymous_6)
FNF:6
FNH:0
FNDA:0,(anonymous_1)
FNDA:0,(anonymous_2)
FNDA:0,(anonymous_3)
FNDA:0,(anonymous_4)
FNDA:0,(anonymous_5)
FNDA:0,(anonymous_6)
DA:1,0
DA:2,0
DA:3,0
DA:4,0
DA:5,0
DA:45,0
DA:49,0
DA:56,0
DA:63,0
DA:64,0
DA:67,0
DA:73,0
DA:76,0
DA:81,0
DA:82,0
DA:109,0
DA:111,0
DA:114,0
DA:115,0
DA:116,0
DA:129,0
DA:132,0
DA:134,0
DA:137,0
DA:144,0
DA:145,0
DA:167,0
DA:168,0
DA:170,0
DA:173,0
DA:184,0
DA:185,0
DA:186,0
DA:188,0
DA:189,0
DA:192,0
DA:193,0
DA:201,0
DA:202,0
DA:207,0
DA:208,0
DA:209,0
DA:212,0
DA:214,0
DA:215,0
DA:223,0
DA:224,0
DA:226,0
DA:227,0
DA:230,0
DA:244,0
DA:245,0
DA:251,0
LF:53
LH:0
BRDA:73,0,0,0
BRDA:73,0,1,0
BRDA:73,1,0,0
BRDA:73,1,1,0
BRDA:76,2,0,0
BRDA:76,2,1,0
BRDA:77,3,0,0
BRDA:77,3,1,0
BRDA:92,4,0,0
BRDA:92,4,1,0
BRDA:98,5,0,0
BRDA:98,5,1,0
BRDA:106,6,0,0
BRDA:106,6,1,0
BRDA:115,7,0,0
BRDA:115,7,1,0
BRDA:115,8,0,0
BRDA:115,8,1,0
BRDA:123,9,0,0
BRDA:123,9,1,0
BRDA:126,10,0,0
BRDA:126,10,1,0
BRDA:127,11,0,0
BRDA:127,11,1,0
BRDA:129,12,0,0
BRDA:149,13,0,0
BRDA:149,13,1,0
BRDA:178,14,0,0
BRDA:178,14,1,0
BRDA:181,15,0,0
BRDA:181,15,1,0
BRDA:184,16,0,0
BRDA:184,16,1,0
BRDA:207,17,0,0
BRDA:226,18,0,0
BRDA:238,19,0,0
BRDA:238,19,1,0
BRF:37
BRH:0
end_of_record
TN:
SF:src\services\NotificationService.ts
FN:43,(anonymous_1)
FN:47,(anonymous_2)
FN:64,(anonymous_3)
FN:95,(anonymous_4)
FN:96,(anonymous_5)
FN:165,(anonymous_6)
FN:202,(anonymous_7)
FN:203,(anonymous_8)
FN:242,(anonymous_9)
FN:259,(anonymous_10)
FN:260,(anonymous_11)
FN:351,(anonymous_12)
FN:370,(anonymous_13)
FN:383,(anonymous_14)
FN:385,(anonymous_15)
FN:407,(anonymous_16)
FN:434,(anonymous_17)
FN:446,(anonymous_18)
FN:470,(anonymous_19)
FNF:19
FNH:0
FNDA:0,(anonymous_1)
FNDA:0,(anonymous_2)
FNDA:0,(anonymous_3)
FNDA:0,(anonymous_4)
FNDA:0,(anonymous_5)
FNDA:0,(anonymous_6)
FNDA:0,(anonymous_7)
FNDA:0,(anonymous_8)
FNDA:0,(anonymous_9)
FNDA:0,(anonymous_10)
FNDA:0,(anonymous_11)
FNDA:0,(anonymous_12)
FNDA:0,(anonymous_13)
FNDA:0,(anonymous_14)
FNDA:0,(anonymous_15)
FNDA:0,(anonymous_16)
FNDA:0,(anonymous_17)
FNDA:0,(anonymous_18)
FNDA:0,(anonymous_19)
DA:1,0
DA:2,0
DA:3,0
DA:4,0
DA:5,0
DA:6,0
DA:7,0
DA:8,0
DA:39,0
DA:41,0
DA:44,0
DA:48,0
DA:50,0
DA:51,0
DA:54,0
DA:56,0
DA:57,0
DA:59,0
DA:60,0
DA:65,0
DA:66,0
DA:68,0
DA:70,0
DA:74,0
DA:75,0
DA:81,0
DA:82,0
DA:89,0
DA:95,0
DA:96,0
DA:103,0
DA:106,0
DA:113,0
DA:114,0
DA:115,0
DA:128,0
DA:130,0
DA:131,0
DA:132,0
DA:145,0
DA:165,0
DA:175,0
DA:176,0
DA:177,0
DA:180,0
DA:181,0
DA:189,0
DA:195,0
DA:196,0
DA:202,0
DA:203,0
DA:208,0
DA:212,0
DA:213,0
DA:214,0
DA:227,0
DA:229,0
DA:237,0
DA:238,0
DA:247,0
DA:254,0
DA:255,0
DA:256,0
DA:259,0
DA:260,0
DA:263,0
DA:264,0
DA:265,0
DA:276,0
DA:277,0
DA:278,0
DA:281,0
DA:282,0
DA:290,0
DA:291,0
DA:292,0
DA:297,0
DA:298,0
DA:299,0
DA:309,0
DA:310,0
DA:311,0
DA:314,0
DA:315,0
DA:323,0
DA:324,0
DA:325,0
DA:330,0
DA:331,0
DA:333,0
DA:336,0
DA:339,0
DA:342,0
DA:348,0
DA:352,0
DA:353,0
DA:364,0
DA:366,0
DA:371,0
DA:372,0
DA:379,0
DA:380,0
DA:384,0
DA:385,0
DA:386,0
DA:387,0
DA:390,0
DA:391,0
DA:392,0
DA:395,0
DA:397,0
DA:398,0
DA:402,0
DA:403,0
DA:408,0
DA:410,0
DA:411,0
DA:412,0
DA:416,0
DA:418,0
DA:420,0
DA:427,0
DA:429,0
DA:430,0
DA:438,0
DA:439,0
DA:441,0
DA:442,0
DA:447,0
DA:448,0
DA:450,0
DA:451,0
DA:454,0
DA:457,0
DA:463,0
DA:465,0
DA:466,0
DA:471,0
DA:472,0
DA:473,0
DA:474,0
DA:476,0
DA:477,0
LF:143
LH:0
BRDA:48,0,0,0
BRDA:70,1,0,0
BRDA:70,1,1,0
BRDA:70,1,2,0
BRDA:70,1,3,0
BRDA:74,2,0,0
BRDA:81,3,0,0
BRDA:108,4,0,0
BRDA:108,4,1,0
BRDA:113,5,0,0
BRDA:130,6,0,0
BRDA:151,7,0,0
BRDA:151,7,1,0
BRDA:152,8,0,0
BRDA:152,8,1,0
BRDA:157,9,0,0
BRDA:157,9,1,0
BRDA:160,10,0,0
BRDA:160,10,1,0
BRDA:162,11,0,0
BRDA:162,11,1,0
BRDA:172,12,0,0
BRDA:172,12,1,0
BRDA:180,13,0,0
BRDA:195,14,0,0
BRDA:212,15,0,0
BRDA:231,16,0,0
BRDA:231,16,1,0
BRDA:232,17,0,0
BRDA:232,17,1,0
BRDA:263,18,0,0
BRDA:270,19,0,0
BRDA:270,19,1,0
BRDA:271,20,0,0
BRDA:271,20,1,0
BRDA:278,21,0,0
BRDA:281,22,0,0
BRDA:281,22,1,0
BRDA:284,23,0,0
BRDA:284,23,1,0
BRDA:297,24,0,0
BRDA:304,25,0,0
BRDA:304,25,1,0
BRDA:311,26,0,0
BRDA:314,27,0,0
BRDA:314,27,1,0
BRDA:317,28,0,0
BRDA:317,28,1,0
BRDA:330,29,0,0
BRDA:330,29,1,0
BRDA:331,30,0,0
BRDA:331,30,1,0
BRDA:354,31,0,0
BRDA:354,31,1,0
BRDA:355,32,0,0
BRDA:355,32,1,0
BRDA:379,33,0,0
BRDA:379,33,1,0
BRDA:390,34,0,0
BRDA:411,35,0,0
BRDA:418,36,0,0
BRDA:436,37,0,0
BRDA:450,38,0,0
BRF:63
BRH:0
end_of_record
TN:
SF:src\services\OutboxRelayService.ts
FN:28,(anonymous_1)
FN:38,(anonymous_2)
FN:55,(anonymous_3)
FN:60,(anonymous_4)
FN:75,(anonymous_5)
FN:92,(anonymous_6)
FN:96,(anonymous_7)
FN:97,(anonymous_8)
FN:110,(anonymous_9)
FN:156,(anonymous_10)
FN:162,(anonymous_11)
FN:178,(anonymous_12)
FN:195,(anonymous_13)
FN:227,(anonymous_14)
FNF:14
FNH:0
FNDA:0,(anonymous_1)
FNDA:0,(anonymous_2)
FNDA:0,(anonymous_3)
FNDA:0,(anonymous_4)
FNDA:0,(anonymous_5)
FNDA:0,(anonymous_6)
FNDA:0,(anonymous_7)
FNDA:0,(anonymous_8)
FNDA:0,(anonymous_9)
FNDA:0,(anonymous_10)
FNDA:0,(anonymous_11)
FNDA:0,(anonymous_12)
FNDA:0,(anonymous_13)
FNDA:0,(anonymous_14)
DA:1,0
DA:2,0
DA:3,0
DA:21,0
DA:22,0
DA:33,0
DA:34,0
DA:35,0
DA:39,0
DA:40,0
DA:41,0
DA:44,0
DA:45,0
DA:52,0
DA:55,0
DA:56,0
DA:61,0
DA:62,0
DA:65,0
DA:67,0
DA:68,0
DA:69,0
DA:72,0
DA:76,0
DA:77,0
DA:80,0
DA:82,0
DA:84,0
DA:85,0
DA:88,0
DA:91,0
DA:92,0
DA:96,0
DA:97,0
DA:99,0
DA:106,0
DA:111,0
DA:113,0
DA:114,0
DA:120,0
DA:124,0
DA:127,0
DA:129,0
DA:136,0
DA:139,0
DA:142,0
DA:144,0
DA:152,0
DA:157,0
DA:159,0
DA:165,0
DA:175,0
DA:181,0
DA:182,0
DA:184,0
DA:187,0
DA:189,0
DA:201,0
DA:202,0
DA:208,0
DA:212,0
DA:219,0
DA:220,0
DA:228,0
DA:233,0
LF:65
LH:0
BRDA:28,0,0,0
BRDA:33,1,0,0
BRDA:33,1,1,0
BRDA:34,2,0,0
BRDA:34,2,1,0
BRDA:35,3,0,0
BRDA:35,3,1,0
BRDA:39,4,0,0
BRDA:61,5,0,0
BRDA:67,6,0,0
BRDA:76,7,0,0
BRDA:84,8,0,0
BRDA:113,9,0,0
BRDA:136,10,0,0
BRDA:136,10,1,0
BRDA:175,11,0,0
BRDA:175,11,1,0
BRDA:216,12,0,0
BRDA:216,12,1,0
BRF:19
BRH:0
end_of_record
TN:
SF:src\services\PushNotificationService.ts
FN:34,(anonymous_0)
FN:37,(anonymous_1)
FN:42,(anonymous_2)
FN:65,(anonymous_3)
FN:77,(anonymous_4)
FN:111,(anonymous_5)
FN:125,(anonymous_6)
FN:155,(anonymous_7)
FN:178,(anonymous_8)
FN:227,(anonymous_9)
FN:273,(anonymous_10)
FN:294,(anonymous_11)
FN:325,(anonymous_12)
FN:329,(anonymous_13)
FN:339,(anonymous_14)
FN:349,(anonymous_15)
FN:359,(anonymous_16)
FN:373,(anonymous_17)
FN:443,(anonymous_18)
FNF:19
FNH:0
FNDA:0,(anonymous_0)
FNDA:0,(anonymous_1)
FNDA:0,(anonymous_2)
FNDA:0,(anonymous_3)
FNDA:0,(anonymous_4)
FNDA:0,(anonymous_5)
FNDA:0,(anonymous_6)
FNDA:0,(anonymous_7)
FNDA:0,(anonymous_8)
FNDA:0,(anonymous_9)
FNDA:0,(anonymous_10)
FNDA:0,(anonymous_11)
FNDA:0,(anonymous_12)
FNDA:0,(anonymous_13)
FNDA:0,(anonymous_14)
FNDA:0,(anonymous_15)
FNDA:0,(anonymous_16)
FNDA:0,(anonymous_17)
FNDA:0,(anonymous_18)
DA:1,0
DA:2,0
DA:4,0
DA:6,0
DA:34,0
DA:35,0
DA:38,0
DA:39,0
DA:46,0
DA:53,0
DA:54,0
DA:58,0
DA:59,0
DA:63,0
DA:64,0
DA:65,0
DA:66,0
DA:72,0
DA:75,0
DA:76,0
DA:77,0
DA:80,0
DA:106,0
DA:108,0
DA:111,0
DA:112,0
DA:113,0
DA:118,0
DA:119,0
DA:120,0
DA:122,0
DA:124,0
DA:125,0
DA:126,0
DA:130,0
DA:131,0
DA:133,0
DA:135,0
DA:136,0
DA:139,0
DA:142,0
DA:145,0
DA:146,0
DA:147,0
DA:149,0
DA:152,0
DA:159,0
DA:166,0
DA:167,0
DA:171,0
DA:172,0
DA:176,0
DA:177,0
DA:178,0
DA:179,0
DA:185,0
DA:188,0
DA:189,0
DA:190,0
DA:197,0
DA:198,0
DA:201,0
DA:202,0
DA:210,0
DA:213,0
DA:214,0
DA:215,0
DA:216,0
DA:220,0
DA:221,0
DA:222,0
DA:224,0
DA:226,0
DA:227,0
DA:228,0
DA:232,0
DA:234,0
DA:235,0
DA:236,0
DA:237,0
DA:238,0
DA:240,0
DA:241,0
DA:246,0
DA:248,0
DA:250,0
DA:251,0
DA:256,0
DA:260,0
DA:263,0
DA:264,0
DA:265,0
DA:267,0
DA:270,0
DA:274,0
DA:275,0
DA:278,0
DA:279,0
DA:280,0
DA:281,0
DA:284,0
DA:285,0
DA:287,0
DA:288,0
DA:290,0
DA:295,0
DA:297,0
DA:298,0
DA:299,0
DA:300,0
DA:302,0
DA:304,0
DA:305,0
DA:306,0
DA:307,0
DA:309,0
DA:310,0
DA:312,0
DA:313,0
DA:314,0
DA:316,0
DA:318,0
DA:319,0
DA:321,0
DA:326,0
DA:330,0
DA:331,0
DA:332,0
DA:333,0
DA:334,0
DA:335,0
DA:340,0
DA:341,0
DA:342,0
DA:343,0
DA:344,0
DA:345,0
DA:350,0
DA:351,0
DA:352,0
DA:353,0
DA:354,0
DA:355,0
DA:360,0
DA:367,0
DA:380,0
DA:381,0
DA:385,0
DA:391,0
DA:392,0
DA:394,0
DA:419,0
DA:422,0
DA:424,0
DA:426,0
DA:432,0
DA:434,0
DA:436,0
DA:444,0
DA:445,0
LF:160
LH:0
BRDA:53,0,0,0
BRDA:58,1,0,0
BRDA:67,2,0,0
BRDA:67,2,1,0
BRDA:84,3,0,0
BRDA:84,3,1,0
BRDA:99,4,0,0
BRDA:99,4,1,0
BRDA:114,5,0,0
BRDA:114,5,1,0
BRDA:118,6,0,0
BRDA:118,6,1,0
BRDA:118,7,0,0
BRDA:118,7,1,0
BRDA:120,8,0,0
BRDA:120,8,1,0
BRDA:124,9,0,0
BRDA:131,10,0,0
BRDA:131,10,1,0
BRDA:135,11,0,0
BRDA:166,12,0,0
BRDA:171,13,0,0
BRDA:180,14,0,0
BRDA:180,14,1,0
BRDA:201,15,0,0
BRDA:217,16,0,0
BRDA:217,16,1,0
BRDA:220,17,0,0
BRDA:220,17,1,0
BRDA:222,18,0,0
BRDA:222,18,1,0
BRDA:222,19,0,0
BRDA:222,19,1,0
BRDA:222,20,0,0
BRDA:222,20,1,0
BRDA:226,21,0,0
BRDA:235,22,0,0
BRDA:237,23,0,0
BRDA:238,24,0,0
BRDA:238,24,1,0
BRDA:238,25,0,0
BRDA:238,25,1,0
BRDA:240,26,0,0
BRDA:240,27,0,0
BRDA:240,27,1,0
BRDA:241,28,0,0
BRDA:241,28,1,0
BRDA:252,29,0,0
BRDA:252,29,1,0
BRDA:275,30,0,0
BRDA:275,30,1,0
BRDA:275,30,2,0
BRDA:275,30,3,0
BRDA:275,30,4,0
BRDA:287,31,0,0
BRDA:295,32,0,0
BRDA:295,32,1,0
BRDA:295,32,2,0
BRDA:295,32,3,0
BRDA:295,32,4,0
BRDA:297,33,0,0
BRDA:297,34,0,0
BRDA:297,34,1,0
BRDA:313,35,0,0
BRDA:318,36,0,0
BRDA:326,37,0,0
BRDA:326,37,1,0
BRDA:330,38,0,0
BRDA:330,38,1,0
BRDA:330,38,2,0
BRDA:330,38,3,0
BRDA:330,38,4,0
BRDA:340,39,0,0
BRDA:340,39,1,0
BRDA:340,39,2,0
BRDA:340,39,3,0
BRDA:340,39,4,0
BRDA:350,40,0,0
BRDA:350,40,1,0
BRDA:350,40,2,0
BRDA:350,40,3,0
BRDA:350,40,4,0
BRDA:367,41,0,0
BRDA:367,41,1,0
BRDA:377,42,0,0
BRDA:380,43,0,0
BRDA:399,44,0,0
BRDA:399,44,1,0
BRDA:403,45,0,0
BRDA:403,45,1,0
BRDA:403,46,0,0
BRDA:403,46,1,0
BRDA:408,47,0,0
BRDA:408,47,1,0
BRDA:408,48,0,0
BRDA:408,48,1,0
BRDA:438,49,0,0
BRDA:438,49,1,0
BRF:98
BRH:0
end_of_record
TN:
SF:src\services\ResourceMonitoringService.ts
FN:34,(anonymous_10)
FN:88,(anonymous_11)
FN:101,(anonymous_12)
FN:109,(anonymous_13)
FN:127,(anonymous_14)
FN:144,(anonymous_15)
FN:154,(anonymous_16)
FN:179,(anonymous_17)
FN:228,(anonymous_18)
FN:252,(anonymous_19)
FN:255,(anonymous_20)
FN:284,(anonymous_21)
FN:314,(anonymous_22)
FN:358,(anonymous_23)
FNF:14
FNH:0
FNDA:0,(anonymous_10)
FNDA:0,(anonymous_11)
FNDA:0,(anonymous_12)
FNDA:0,(anonymous_13)
FNDA:0,(anonymous_14)
FNDA:0,(anonymous_15)
FNDA:0,(anonymous_16)
FNDA:0,(anonymous_17)
FNDA:0,(anonymous_18)
FNDA:0,(anonymous_19)
FNDA:0,(anonymous_20)
FNDA:0,(anonymous_21)
FNDA:0,(anonymous_22)
FNDA:0,(anonymous_23)
DA:1,0
DA:2,0
DA:3,0
DA:5,0
DA:20,0
DA:21,0
DA:23,0
DA:36,0
DA:43,0
DA:50,0
DA:57,0
DA:64,0
DA:71,0
DA:78,0
DA:89,0
DA:90,0
DA:91,0
DA:94,0
DA:95,0
DA:98,0
DA:101,0
DA:102,0
DA:110,0
DA:111,0
DA:114,0
DA:116,0
DA:117,0
DA:118,0
DA:121,0
DA:128,0
DA:129,0
DA:136,0
DA:137,0
DA:145,0
DA:146,0
DA:147,0
DA:148,0
DA:151,0
DA:152,0
DA:154,0
DA:155,0
DA:156,0
DA:158,0
DA:161,0
DA:162,0
DA:163,0
DA:165,0
DA:171,0
DA:172,0
DA:180,0
DA:181,0
DA:182,0
DA:185,0
DA:187,0
DA:192,0
DA:197,0
DA:202,0
DA:208,0
DA:209,0
DA:210,0
DA:211,0
DA:213,0
DA:220,0
DA:221,0
DA:229,0
DA:231,0
DA:234,0
DA:235,0
DA:236,0
DA:238,0
DA:244,0
DA:245,0
DA:253,0
DA:255,0
DA:258,0
DA:259,0
DA:260,0
DA:265,0
DA:266,0
DA:267,0
DA:269,0
DA:276,0
DA:277,0
DA:312,0
DA:313,0
DA:314,0
DA:316,0
DA:325,0
DA:359,0
DA:364,0
LF:90
LH:0
BRDA:89,0,0,0
BRDA:110,1,0,0
BRDA:116,2,0,0
BRDA:147,3,0,0
BRDA:147,3,1,0
BRDA:181,4,0,0
BRDA:181,4,1,0
BRDA:234,5,0,0
BRDA:234,5,1,0
BRDA:235,6,0,0
BRDA:235,6,1,0
BRDA:236,7,0,0
BRDA:236,7,1,0
BRF:13
BRH:0
end_of_record
TN:
SF:src\services\SchedulerService.ts
FN:16,(anonymous_1)
FN:20,(anonymous_2)
FN:43,(anonymous_3)
FN:45,(anonymous_4)
FN:57,(anonymous_5)
FN:59,(anonymous_6)
FN:71,(anonymous_7)
FN:73,(anonymous_8)
FN:85,(anonymous_9)
FN:108,(anonymous_10)
FN:127,(anonymous_11)
FN:167,(anonymous_12)
FN:187,(anonymous_13)
FN:207,(anonymous_14)
FN:229,(anonymous_15)
FN:247,(anonymous_16)
FN:261,(anonymous_17)
FN:262,(anonymous_18)
FN:323,(anonymous_19)
FN:342,(anonymous_20)
FN:367,(anonymous_21)
FN:383,(anonymous_22)
FNF:22
FNH:0
FNDA:0,(anonymous_1)
FNDA:0,(anonymous_2)
FNDA:0,(anonymous_3)
FNDA:0,(anonymous_4)
FNDA:0,(anonymous_5)
FNDA:0,(anonymous_6)
FNDA:0,(anonymous_7)
FNDA:0,(anonymous_8)
FNDA:0,(anonymous_9)
FNDA:0,(anonymous_10)
FNDA:0,(anonymous_11)
FNDA:0,(anonymous_12)
FNDA:0,(anonymous_13)
FNDA:0,(anonymous_14)
FNDA:0,(anonymous_15)
FNDA:0,(anonymous_16)
FNDA:0,(anonymous_17)
FNDA:0,(anonymous_18)
FNDA:0,(anonymous_19)
FNDA:0,(anonymous_20)
FNDA:0,(anonymous_21)
FNDA:0,(anonymous_22)
DA:1,0
DA:2,0
DA:3,0
DA:4,0
DA:5,0
DA:6,0
DA:7,0
DA:8,0
DA:10,0
DA:12,0
DA:13,0
DA:17,0
DA:21,0
DA:23,0
DA:24,0
DA:27,0
DA:30,0
DA:33,0
DA:35,0
DA:36,0
DA:38,0
DA:39,0
DA:45,0
DA:46,0
DA:52,0
DA:53,0
DA:54,0
DA:59,0
DA:60,0
DA:66,0
DA:67,0
DA:68,0
DA:73,0
DA:74,0
DA:80,0
DA:81,0
DA:82,0
DA:86,0
DA:87,0
DA:89,0
DA:91,0
DA:100,0
DA:101,0
DA:104,0
DA:109,0
DA:110,0
DA:112,0
DA:113,0
DA:116,0
DA:118,0
DA:119,0
DA:123,0
DA:128,0
DA:130,0
DA:131,0
DA:132,0
DA:133,0
DA:134,0
DA:138,0
DA:139,0
DA:146,0
DA:147,0
DA:148,0
DA:149,0
DA:150,0
DA:154,0
DA:156,0
DA:157,0
DA:158,0
DA:159,0
DA:160,0
DA:164,0
DA:165,0
DA:166,0
DA:167,0
DA:173,0
DA:176,0
DA:178,0
DA:181,0
DA:182,0
DA:183,0
DA:188,0
DA:189,0
DA:190,0
DA:192,0
DA:193,0
DA:196,0
DA:198,0
DA:199,0
DA:203,0
DA:208,0
DA:210,0
DA:211,0
DA:212,0
DA:216,0
DA:218,0
DA:219,0
DA:220,0
DA:224,0
DA:225,0
DA:226,0
DA:229,0
DA:230,0
DA:231,0
DA:235,0
DA:238,0
DA:240,0
DA:243,0
DA:248,0
DA:249,0
DA:256,0
DA:257,0
DA:261,0
DA:262,0
DA:264,0
DA:267,0
DA:268,0
DA:269,0
DA:270,0
DA:273,0
DA:274,0
DA:284,0
DA:285,0
DA:286,0
DA:287,0
DA:290,0
DA:291,0
DA:301,0
DA:302,0
DA:304,0
DA:307,0
DA:310,0
DA:317,0
DA:318,0
DA:319,0
DA:328,0
DA:329,0
DA:330,0
DA:331,0
DA:333,0
DA:335,0
DA:337,0
DA:338,0
DA:343,0
DA:344,0
DA:349,0
DA:350,0
DA:353,0
DA:354,0
DA:357,0
DA:359,0
DA:360,0
DA:362,0
DA:363,0
DA:368,0
DA:369,0
DA:370,0
DA:371,0
DA:374,0
DA:378,0
DA:379,0
DA:384,0
DA:386,0
DA:387,0
DA:388,0
DA:391,0
DA:394,0
DA:395,0
DA:398,0
DA:400,0
DA:401,0
DA:403,0
DA:404,0
LF:173
LH:0
BRDA:21,0,0,0
BRDA:112,1,0,0
BRDA:130,2,0,0
BRDA:130,3,0,0
BRDA:130,3,1,0
BRDA:146,4,0,0
BRDA:156,5,0,0
BRDA:189,6,0,0
BRDA:189,6,1,0
BRDA:192,7,0,0
BRDA:210,8,0,0
BRDA:210,9,0,0
BRDA:210,9,1,0
BRDA:218,10,0,0
BRDA:230,11,0,0
BRDA:252,12,0,0
BRDA:252,12,1,0
BRDA:256,13,0,0
BRDA:267,14,0,0
BRDA:273,15,0,0
BRDA:273,15,1,0
BRDA:276,16,0,0
BRDA:276,16,1,0
BRDA:284,17,0,0
BRDA:290,18,0,0
BRDA:290,18,1,0
BRDA:293,19,0,0
BRDA:293,19,1,0
BRDA:301,20,0,0
BRDA:301,20,1,0
BRDA:302,21,0,0
BRDA:302,21,1,0
BRDA:330,22,0,0
BRDA:330,22,1,0
BRDA:349,23,0,0
BRDA:370,24,0,0
BRDA:394,25,0,0
BRF:37
BRH:0
end_of_record
TN:
SF:src\services\WorkerManager.ts
FN:56,(anonymous_1)
FN:77,(anonymous_2)
FN:103,(anonymous_3)
FN:128,(anonymous_4)
FN:129,(anonymous_5)
FN:146,(anonymous_6)
FN:220,(anonymous_7)
FN:277,(anonymous_8)
FN:299,(anonymous_9)
FN:314,(anonymous_10)
FN:325,(anonymous_11)
FN:361,(anonymous_12)
FN:379,(anonymous_13)
FN:388,(anonymous_14)
FN:389,(anonymous_15)
FN:407,(anonymous_16)
FN:455,(anonymous_17)
FN:491,(anonymous_18)
FN:493,(anonymous_19)
FNF:19
FNH:0
FNDA:0,(anonymous_1)
FNDA:0,(anonymous_2)
FNDA:0,(anonymous_3)
FNDA:0,(anonymous_4)
FNDA:0,(anonymous_5)
FNDA:0,(anonymous_6)
FNDA:0,(anonymous_7)
FNDA:0,(anonymous_8)
FNDA:0,(anonymous_9)
FNDA:0,(anonymous_10)
FNDA:0,(anonymous_11)
FNDA:0,(anonymous_12)
FNDA:0,(anonymous_13)
FNDA:0,(anonymous_14)
FNDA:0,(anonymous_15)
FNDA:0,(anonymous_16)
FNDA:0,(anonymous_17)
FNDA:0,(anonymous_18)
FNDA:0,(anonymous_19)
DA:1,0
DA:2,0
DA:3,0
DA:4,0
DA:47,0
DA:49,0
DA:50,0
DA:51,0
DA:52,0
DA:57,0
DA:58,0
DA:67,0
DA:78,0
DA:79,0
DA:80,0
DA:83,0
DA:84,0
DA:86,0
DA:89,0
DA:90,0
DA:94,0
DA:96,0
DA:97,0
DA:104,0
DA:106,0
DA:111,0
DA:114,0
DA:123,0
DA:126,0
DA:128,0
DA:129,0
DA:130,0
DA:133,0
DA:136,0
DA:138,0
DA:139,0
DA:147,0
DA:148,0
DA:150,0
DA:151,0
DA:152,0
DA:155,0
DA:157,0
DA:158,0
DA:159,0
DA:162,0
DA:163,0
DA:166,0
DA:167,0
DA:169,0
DA:170,0
DA:171,0
DA:172,0
DA:177,0
DA:178,0
DA:180,0
DA:181,0
DA:186,0
DA:187,0
DA:188,0
DA:189,0
DA:191,0
DA:192,0
DA:194,0
DA:201,0
DA:202,0
DA:203,0
DA:206,0
DA:207,0
DA:209,0
DA:210,0
DA:211,0
DA:221,0
DA:223,0
DA:232,0
DA:233,0
DA:235,0
DA:236,0
DA:238,0
DA:260,0
DA:261,0
DA:263,0
DA:266,0
DA:267,0
DA:271,0
DA:278,0
DA:279,0
DA:290,0
DA:292,0
DA:300,0
DA:302,0
DA:303,0
DA:304,0
DA:308,0
DA:311,0
DA:314,0
DA:317,0
DA:319,0
DA:326,0
DA:328,0
DA:329,0
DA:330,0
DA:331,0
DA:335,0
DA:336,0
DA:337,0
DA:338,0
DA:342,0
DA:343,0
DA:347,0
DA:348,0
DA:349,0
DA:352,0
DA:354,0
DA:362,0
DA:363,0
DA:364,0
DA:367,0
DA:369,0
DA:372,0
DA:373,0
DA:374,0
DA:378,0
DA:379,0
DA:381,0
DA:382,0
DA:389,0
DA:390,0
DA:393,0
DA:400,0
DA:408,0
DA:409,0
DA:410,0
DA:411,0
DA:412,0
DA:413,0
DA:415,0
DA:417,0
DA:418,0
DA:419,0
DA:422,0
DA:423,0
DA:424,0
DA:426,0
DA:427,0
DA:430,0
DA:431,0
DA:432,0
DA:433,0
DA:437,0
DA:438,0
DA:439,0
DA:441,0
DA:456,0
DA:457,0
DA:458,0
DA:461,0
DA:462,0
DA:465,0
DA:467,0
DA:469,0
DA:470,0
DA:471,0
DA:472,0
DA:476,0
DA:477,0
DA:478,0
DA:479,0
DA:483,0
DA:484,0
DA:485,0
DA:492,0
DA:493,0
DA:494,0
DA:496,0
DA:505,0
LF:176
LH:0
BRDA:59,0,0,0
BRDA:59,0,1,0
BRDA:60,1,0,0
BRDA:60,1,1,0
BRDA:61,2,0,0
BRDA:61,2,1,0
BRDA:62,3,0,0
BRDA:62,3,1,0
BRDA:63,4,0,0
BRDA:63,4,1,0
BRDA:78,5,0,0
BRDA:148,6,0,0
BRDA:157,7,0,0
BRDA:172,8,0,0
BRDA:206,9,0,0
BRDA:206,9,1,0
BRDA:221,10,0,0
BRDA:260,11,0,0
BRDA:260,11,1,0
BRDA:303,12,0,0
BRDA:325,13,0,0
BRDA:329,14,0,0
BRDA:336,15,0,0
BRDA:342,16,0,0
BRDA:348,17,0,0
BRDA:362,18,0,0
BRDA:372,19,0,0
BRDA:418,20,0,0
BRDA:418,21,0,0
BRDA:418,21,1,0
BRDA:426,22,0,0
BRDA:426,23,0,0
BRDA:426,23,1,0
BRDA:430,24,0,0
BRDA:431,25,0,0
BRDA:431,25,1,0
BRDA:437,26,0,0
BRDA:437,26,1,0
BRDA:438,27,0,0
BRDA:438,27,1,0
BRDA:439,28,0,0
BRDA:439,28,1,0
BRDA:456,29,0,0
BRDA:461,30,0,0
BRDA:461,31,0,0
BRDA:461,31,1,0
BRDA:467,32,0,0
BRDA:467,32,1,0
BRDA:493,33,0,0
BRDA:493,33,1,0
BRF:50
BRH:0
end_of_record
TN:
SF:src\utils\logger.ts
FN:27,(anonymous_1)
FN:106,(anonymous_2)
FN:110,(anonymous_3)
FN:129,(anonymous_4)
FN:144,(anonymous_5)
FN:153,(anonymous_6)
FN:162,(anonymous_7)
FN:171,(anonymous_8)
FN:181,(anonymous_9)
FN:190,(anonymous_10)
FN:199,(anonymous_11)
FN:210,(anonymous_12)
FN:219,(anonymous_13)
FN:228,(anonymous_14)
FN:239,generateRequestId
FN:244,createRequestLogger
FN:250,(anonymous_17)
FNF:17
FNH:0
FNDA:0,(anonymous_1)
FNDA:0,(anonymous_2)
FNDA:0,(anonymous_3)
FNDA:0,(anonymous_4)
FNDA:0,(anonymous_5)
FNDA:0,(anonymous_6)
FNDA:0,(anonymous_7)
FNDA:0,(anonymous_8)
FNDA:0,(anonymous_9)
FNDA:0,(anonymous_10)
FNDA:0,(anonymous_11)
FNDA:0,(anonymous_12)
FNDA:0,(anonymous_13)
FNDA:0,(anonymous_14)
FNDA:0,generateRequestId
FNDA:0,createRequestLogger
FNDA:0,(anonymous_17)
DA:1,0
DA:2,0
DA:3,0
DA:6,0
DA:7,0
DA:8,0
DA:12,0
DA:22,0
DA:28,0
DA:30,0
DA:31,0
DA:34,0
DA:39,0
DA:103,0
DA:104,0
DA:107,0
DA:111,0
DA:113,0
DA:114,0
DA:115,0
DA:118,0
DA:119,0
DA:121,0
DA:126,0
DA:130,0
DA:131,0
DA:132,0
DA:133,0
DA:134,0
DA:136,0
DA:137,0
DA:143,0
DA:145,0
DA:154,0
DA:163,0
DA:172,0
DA:180,0
DA:182,0
DA:191,0
DA:200,0
DA:209,0
DA:211,0
DA:220,0
DA:229,0
DA:239,0
DA:240,0
DA:244,0
DA:245,0
DA:249,0
DA:251,0
DA:252,0
DA:262,0
LF:52
LH:0
BRDA:7,0,0,0
BRDA:30,1,0,0
BRDA:40,2,0,0
BRDA:40,2,1,0
BRDA:44,3,0,0
BRDA:44,3,1,0
BRDA:45,4,0,0
BRDA:45,4,1,0
BRDA:52,5,0,0
BRDA:52,5,1,0
BRDA:53,6,0,0
BRDA:53,6,1,0
BRDA:113,7,0,0
BRDA:251,8,0,0
BRDA:251,8,1,0
BRF:15
BRH:0
end_of_record
TN:
SF:src\utils\metrics.ts
FN:54,recordMetric
FN:61,setupMetricsEndpoint
FN:62,(anonymous_3)
FNF:3
FNH:0
FNDA:0,recordMetric
FNDA:0,setupMetricsEndpoint
FNDA:0,(anonymous_3)
DA:1,0
DA:3,0
DA:9,0
DA:15,0
DA:21,0
DA:26,0
DA:31,0
DA:37,0
DA:43,0
DA:54,0
DA:61,0
DA:62,0
DA:63,0
DA:64,0
LF:14
LH:0
BRF:0
BRH:0
end_of_record
TN:
SF:src\utils\quietHours.ts
FN:7,parseTime
FN:21,checkQuietHours
FN:95,calculateNextAvailableTime
FN:118,(anonymous_4)
FN:119,(anonymous_5)
FN:120,(anonymous_6)
FN:147,getTimezoneOffset
FN:162,isUrgentNotification
FNF:8
FNH:0
FNDA:0,parseTime
FNDA:0,checkQuietHours
FNDA:0,calculateNextAvailableTime
FNDA:0,(anonymous_4)
FNDA:0,(anonymous_5)
FNDA:0,(anonymous_6)
FNDA:0,getTimezoneOffset
FNDA:0,isUrgentNotification
DA:1,0
DA:2,0
DA:8,0
DA:9,0
DA:10,0
DA:12,0
DA:21,0
DA:34,0
DA:35,0
DA:37,0
DA:39,0
DA:42,0
DA:43,0
DA:46,0
DA:53,0
DA:54,0
DA:55,0
DA:57,0
DA:60,0
DA:62,0
DA:65,0
DA:68,0
DA:69,0
DA:76,0
DA:78,0
DA:80,0
DA:86,0
DA:88,0
DA:103,0
DA:106,0
DA:117,0
DA:118,0
DA:119,0
DA:120,0
DA:123,0
DA:126,0
DA:128,0
DA:130,0
DA:131,0
DA:133,0
DA:138,0
DA:139,0
DA:141,0
DA:148,0
DA:149,0
DA:150,0
DA:151,0
DA:153,0
DA:154,0
DA:162,0
DA:164,0
DA:165,0
DA:169,0
DA:170,0
DA:174,0
DA:175,0
DA:176,0
DA:179,0
LF:58
LH:0
BRDA:9,0,0,0
BRDA:9,1,0,0
BRDA:9,1,1,0
BRDA:37,2,0,0
BRDA:37,3,0,0
BRDA:37,3,1,0
BRDA:37,3,2,0
BRDA:43,4,0,0
BRDA:43,4,1,0
BRDA:47,5,0,0
BRDA:47,5,1,0
BRDA:60,6,0,0
BRDA:60,6,1,0
BRDA:62,7,0,0
BRDA:62,7,1,0
BRDA:65,8,0,0
BRDA:65,8,1,0
BRDA:68,9,0,0
BRDA:76,10,0,0
BRDA:76,10,1,0
BRDA:126,11,0,0
BRDA:126,11,1,0
BRDA:126,12,0,0
BRDA:126,12,1,0
BRDA:128,13,0,0
BRDA:128,13,1,0
BRDA:131,14,0,0
BRDA:164,15,0,0
BRDA:169,16,0,0
BRDA:169,17,0,0
BRDA:169,17,1,0
BRDA:175,18,0,0
BRF:32
BRH:0
end_of_record
TN:
SF:src\utils\validation.ts
FN:200,validateRequest
FN:201,(anonymous_2)
FN:211,(anonymous_3)
FN:239,(anonymous_4)
FN:248,(anonymous_5)
FN:259,(anonymous_6)
FN:267,(anonymous_7)
FN:277,(anonymous_8)
FN:281,(anonymous_9)
FN:297,validateData
FN:307,(anonymous_11)
FNF:11
FNH:0
FNDA:0,validateRequest
FNDA:0,(anonymous_2)
FNDA:0,(anonymous_3)
FNDA:0,(anonymous_4)
FNDA:0,(anonymous_5)
FNDA:0,(anonymous_6)
FNDA:0,(anonymous_7)
FNDA:0,(anonymous_8)
FNDA:0,(anonymous_9)
FNDA:0,validateData
FNDA:0,(anonymous_11)
DA:1,0
DA:3,0
DA:6,0
DA:20,0
DA:44,0
DA:67,0
DA:85,0
DA:103,0
DA:143,0
DA:154,0
DA:162,0
DA:200,0
DA:201,0
DA:202,0
DA:204,0
DA:210,0
DA:211,0
DA:217,0
DA:223,0
DA:228,0
DA:232,0
DA:233,0
DA:238,0
DA:240,0
DA:241,0
DA:242,0
DA:244,0
DA:249,0
DA:251,0
DA:252,0
DA:254,0
DA:256,0
DA:260,0
DA:261,0
DA:266,0
DA:268,0
DA:278,0
DA:282,0
DA:297,0
DA:298,0
DA:304,0
DA:305,0
DA:307,0
DA:315,0
LF:44
LH:0
BRDA:200,0,0,0
BRDA:210,1,0,0
BRDA:249,2,0,0
BRDA:249,2,1,0
BRDA:251,3,0,0
BRDA:251,3,1,0
BRDA:252,4,0,0
BRDA:261,5,0,0
BRDA:261,5,1,0
BRDA:304,6,0,0
BRF:10
BRH:0
end_of_record
